#
# A fatal error has been detected by the Java Runtime Environment:
#
#  SIGSEGV (0xb) at pc=0x00007f85c300fed7, pid=15088, tid=0x00007f85ac417700
#
# JRE version: Java(TM) SE Runtime Environment (8.0_121-b13) (build 1.8.0_121-b13)
# Java VM: Java HotSpot(TM) 64-Bit Server VM (25.121-b13 mixed mode linux-amd64 compressed oops)
# Problematic frame:
# C  [ld-linux-x86-64.so.2+0x9ed7]
#
# Failed to write core dump. Core dumps have been disabled. To enable core dumping, try "ulimit -c unlimited" before starting Java again
#
# If you would like to submit a bug report, please visit:
#   http://bugreport.java.com/bugreport/crash.jsp
# The crash happened outside the Java Virtual Machine in native code.
# See problematic frame for where to report the bug.
#

---------------  T H R E A D  ---------------

Current thread (0x0000000000bc8000):  JavaThread "Finalizer" daemon [_thread_in_native, id=15096, stack(0x00007f85ac317000,0x00007f85ac418000)]

siginfo: si_signo: 11 (SIGSEGV), si_code: 128 (SI_KERNEL), si_addr: 0x0000000000000000

Registers:
RAX=0x0000000000000002, RBX=0x000000004c8d3d65, RCX=0x0000000000000000, RDX=0x00007f85ac4160c0
RSP=0x00007f85ac415f80, RBP=0x00007f85ac416160, RSI=0x000000004c8d3d65, RDI=0x00007f858c000f00
R8 =0x00007f85ac4160d0, R9 =0x21504122244e5d6a, R10=0x00007f855c043d98, R11=0x00007f85ac4160c0
R12=0x0000000000000000, R13=0x0000000000000000, R14=0x00007f855c043d98, R15=0x00007f855c043a10
RIP=0x00007f85c300fed7, EFLAGS=0x0000000000010202, CSGSFS=0x0000000000000033, ERR=0x0000000000000000
  TRAPNO=0x000000000000000d

Top of Stack: (sp=0x00007f85ac415f80)
0x00007f85ac415f80:   00007f8500000002 0000000000bc8000
0x00007f85ac415f90:   00007f85ac416150 00007f85ac416320
0x00007f85ac415fa0:   00007f85b0cd2c20 010000000000000c
0x00007f85ac415fb0:   0000000000bc8000 00007f858c000a30
0x00007f85ac415fc0:   00007f85ad8cb3d8 00000000c0e4ec50
0x00007f85ac415fd0:   00007f85ac4164f0 00007f85b0ca3a08
0x00007f85ac415fe0:   00007f85ac416548 00007f85ac416320
0x00007f85ac415ff0:   0000000000bc8000 0000000000b90f10
0x00007f85ac416000:   0000000000bc8aa0 00007f85ac4161b0
0x00007f85ac416010:   00007f85ac416160 0000000000000000
0x00007f85ac416020:   0000000000000000 00007f855c043d98
0x00007f85ac416030:   00007f855c043a10 00007f85c3010961
0x00007f85ac416040:   0000000000000000 0000000000000000
0x00007f85ac416050:   00007f8500000002 0000000000000000
0x00007f85ac416060:   00007f8500000000 00007f855c043a10
0x00007f85ac416070:   0000000000bc8000 0000000000bc96e0
0x00007f85ac416080:   00007f85ad8cb3d8 0000000000bc8000
0x00007f85ac416090:   0000000000b4b0d0 00007f855c043d98
0x00007f85ac4160a0:   00007f85ac4160d0 00007f85ac4160c0
0x00007f85ac4160b0:   000000004c8d3d65 00007f858c000f00
0x00007f85ac4160c0:   00000000ffffffff 00007f85ad8cb3d8
0x00007f85ac4160d0:   0000000000000000 0000000000000000
0x00007f85ac4160e0:   00007f85ac416270 00007f85c0bbc2cf
0x00007f85ac4160f0:   00007f85ad8c7c10 0000000000bc8000
0x00007f85ac416100:   00007f85ac416150 00007f85ac4161d0
0x00007f85ac416110:   00007f85ac4162a0 00007f85ac416320
0x00007f85ac416120:   0000000000bc81f8 00007f85c0bdb400
0x00007f85ac416130:   0000000000bc86b0 0000000000b44cd0
0x00007f85ac416140:   00007f85c3228cc0 00007f858c000f00
0x00007f85ac416150:   0000000000000000 00007f855c043a10
0x00007f85ac416160:   00007f85ac416240 00007f85c2353016
0x00007f85ac416170:   0000001500000002 0000000000000000 

Instructions: (pc=0x00007f85c300fed7)
0x00007f85c300feb7:   e8 64 de 00 00 0f 1f 40 00 41 57 49 89 d3 41 56
0x00007f85c300fec7:   41 55 41 54 55 53 48 89 f3 48 81 ec 88 00 00 00
0x00007f85c300fed7:   45 8b 61 08 48 8b 84 24 c8 00 00 00 4c 89 44 24
0x00007f85c300fee7:   18 48 8b ac 24 c0 00 00 00 4c 8b b4 24 d8 00 00 

Register to memory mapping:

RAX=0x0000000000000002 is an unknown value
RBX=0x000000004c8d3d65 is an unknown value
RCX=0x0000000000000000 is an unknown value
RDX=0x00007f85ac4160c0 is pointing into the stack for thread: 0x0000000000bc8000
RSP=0x00007f85ac415f80 is pointing into the stack for thread: 0x0000000000bc8000
RBP=0x00007f85ac416160 is pointing into the stack for thread: 0x0000000000bc8000
RSI=0x000000004c8d3d65 is an unknown value
RDI=0x00007f858c000f00 is an unknown value
R8 =0x00007f85ac4160d0 is pointing into the stack for thread: 0x0000000000bc8000
R9 =0x21504122244e5d6a is an unknown value
R10=0x00007f855c043d98 is an unknown value
R11=0x00007f85ac4160c0 is pointing into the stack for thread: 0x0000000000bc8000
R12=0x0000000000000000 is an unknown value
R13=0x0000000000000000 is an unknown value
R14=0x00007f855c043d98 is an unknown value
R15=0x00007f855c043a10 is an unknown value


Stack: [0x00007f85ac317000,0x00007f85ac418000],  sp=0x00007f85ac415f80,  free space=1019k
Native frames: (J=compiled Java code, j=interpreted, Vv=VM code, C=native code)
C  [ld-linux-x86-64.so.2+0x9ed7]
C  [libc.so.6+0x136016]
C  [libdl.so.2+0x1144]

Java frames: (J=compiled Java code, j=interpreted, Vv=VM code)
j  java.lang.ClassLoader$NativeLibrary.unload(Ljava/lang/String;Z)V+0
j  java.lang.ClassLoader$NativeLibrary.finalize()V+87
J 6689 C2 java.lang.ref.Finalizer.access$100(Ljava/lang/ref/Finalizer;Lsun/misc/JavaLangAccess;)V (6 bytes) @ 0x00007f85b1d34e38 [0x00007f85b1d34c60+0x1d8]
j  java.lang.ref.Finalizer$FinalizerThread.run()V+45
v  ~StubRoutines::call_stub

---------------  P R O C E S S  ---------------

Java Threads: ( => current thread )
  0x00007f8558333800 JavaThread "Image Fetcher 0" daemon [_thread_blocked, id=15187, stack(0x00007f85a5869000,0x00007f85a596a000)]
  0x0000000000b4c800 JavaThread "DestroyJavaVM" [_thread_blocked, id=15088, stack(0x00007fff45bb9000,0x00007fff45cb9000)]
  0x00000000036aa000 JavaThread "Lifeguard" [_thread_blocked, id=15111, stack(0x00007f859f234000,0x00007f859f335000)]
  0x00000000036b1000 JavaThread "TimerQueue" daemon [_thread_blocked, id=15110, stack(0x00007f859f335000,0x00007f859f436000)]
  0x0000000003671000 JavaThread "Timer-0" daemon [_thread_blocked, id=15109, stack(0x00007f859f436000,0x00007f859f537000)]
  0x0000000003653000 JavaThread "JobThread" [_thread_blocked, id=15108, stack(0x00007f859f537000,0x00007f859fd38000)]
  0x0000000002a30000 JavaThread "AWT-EventQueue-0" [_thread_in_vm, id=15107, stack(0x00007f85a522c000,0x00007f85a532d000)]
  0x0000000002a22000 JavaThread "AWT-Shutdown" [_thread_blocked, id=15106, stack(0x00007f85a532d000,0x00007f85a542e000)]
  0x0000000001154000 JavaThread "AWT-XAWT" daemon [_thread_blocked, id=15104, stack(0x00007f85a5b6a000,0x00007f85a5c6b000)]
  0x000000000112a800 JavaThread "Java2D Disposer" daemon [_thread_blocked, id=15103, stack(0x00007f85a60d2000,0x00007f85a61d3000)]
  0x0000000000c14800 JavaThread "Service Thread" daemon [_thread_blocked, id=15101, stack(0x00007f85a7dfe000,0x00007f85a7eff000)]
  0x0000000000c01000 JavaThread "C1 CompilerThread2" daemon [_thread_blocked, id=15100, stack(0x00007f85a7eff000,0x00007f85a8000000)]
  0x0000000000bff800 JavaThread "C2 CompilerThread1" daemon [_thread_in_native, id=15099, stack(0x00007f85ac014000,0x00007f85ac115000)]
  0x0000000000bfc800 JavaThread "C2 CompilerThread0" daemon [_thread_in_native, id=15098, stack(0x00007f85ac115000,0x00007f85ac216000)]
  0x0000000000bfb000 JavaThread "Signal Dispatcher" daemon [_thread_blocked, id=15097, stack(0x00007f85ac216000,0x00007f85ac317000)]
=>0x0000000000bc8000 JavaThread "Finalizer" daemon [_thread_in_native, id=15096, stack(0x00007f85ac317000,0x00007f85ac418000)]
  0x0000000000bc3800 JavaThread "Reference Handler" daemon [_thread_blocked, id=15095, stack(0x00007f85ac418000,0x00007f85ac519000)]

Other Threads:
  0x0000000000bbb800 VMThread [stack: 0x00007f85ac519000,0x00007f85ac61a000] [id=15094]
  0x0000000000c17000 WatcherThread [stack: 0x00007f85a7cfd000,0x00007f85a7dfe000] [id=15102]

VM state:not at safepoint (normal execution)

VM Mutex/Monitor currently owned by a thread: None

Heap:
 PSYoungGen      total 54272K, used 1271K [0x00000000eab00000, 0x00000000ef180000, 0x0000000100000000)
  eden space 42496K, 2% used [0x00000000eab00000,0x00000000eac3ddf8,0x00000000ed480000)
  from space 11776K, 0% used [0x00000000ee000000,0x00000000ee000000,0x00000000eeb80000)
  to   space 11776K, 0% used [0x00000000ed480000,0x00000000ed480000,0x00000000ee000000)
 ParOldGen       total 111616K, used 21765K [0x00000000c0000000, 0x00000000c6d00000, 0x00000000eab00000)
  object space 111616K, 19% used [0x00000000c0000000,0x00000000c1541620,0x00000000c6d00000)
 Metaspace       used 53444K, capacity 57650K, committed 59096K, reserved 1099776K
  class space    used 7868K, capacity 8407K, committed 8960K, reserved 1048576K

Card table byte_map: [0x00007f85b06cb000,0x00007f85b08cc000] byte_map_base: 0x00007f85b00cb000

Marking Bits: (ParMarkBitMap*) 0x00007f85c14adc80
 Begin Bits: [0x00007f85ae2c7000, 0x00007f85af2c7000)
 End Bits:   [0x00007f85af2c7000, 0x00007f85b02c7000)

Polling page: 0x00007f85c31e9000

CodeCache: size=245760Kb used=32525Kb max_used=32525Kb free=213235Kb
 bounds [0x00007f85b0c8c000, 0x00007f85b2c7c000, 0x00007f85bfc8c000]
 total_blobs=10937 nmethods=10151 adapters=692
 compilation: enabled

Compilation events (10 events):
Event: 382,802 Thread 0x0000000000c01000 12212       3       org.nlogo.compile.ArgumentStuffer::visitStatement (21 bytes)
Event: 382,802 Thread 0x0000000000c01000 nmethod 12212 0x00007f85b2c6cb10 code [0x00007f85b2c6cd20, 0x00007f85b2c6d5d8]
Event: 382,802 Thread 0x0000000000c01000 12213       3       org.nlogo.compile.Assembler$$Lambda$880/1896123332::apply (12 bytes)
Event: 382,802 Thread 0x0000000000c01000 nmethod 12213 0x00007f85b2c6c650 code [0x00007f85b2c6c7c0, 0x00007f85b2c6ca28]
Event: 382,803 Thread 0x0000000000c01000 12214       3       org.objectweb.asm.MethodVisitor::visitIntInsn (17 bytes)
Event: 382,803 Thread 0x0000000000c01000 nmethod 12214 0x00007f85b2c71e10 code [0x00007f85b2c71f80, 0x00007f85b2c721e8]
Event: 382,804 Thread 0x0000000000c01000 12215       3       org.objectweb.asm.ClassWriter::a (71 bytes)
Event: 382,804 Thread 0x0000000000c01000 nmethod 12215 0x00007f85b2c722d0 code [0x00007f85b2c72460, 0x00007f85b2c72768]
Event: 382,805 Thread 0x0000000000c01000 12216       3       org.objectweb.asm.MethodWriter::visitIntInsn (104 bytes)
Event: 382,805 Thread 0x0000000000c01000 nmethod 12216 0x00007f85b2c728d0 code [0x00007f85b2c72a80, 0x00007f85b2c72f08]

GC Heap History (10 events):
Event: 339,861 GC heap before
{Heap before GC invocations=47 (full 2):
 PSYoungGen      total 52736K, used 50858K [0x00000000eab00000, 0x00000000ee900000, 0x0000000100000000)
  eden space 44544K, 100% used [0x00000000eab00000,0x00000000ed680000,0x00000000ed680000)
  from space 8192K, 77% used [0x00000000edf80000,0x00000000ee5aa950,0x00000000ee780000)
  to   space 9216K, 0% used [0x00000000ed680000,0x00000000ed680000,0x00000000edf80000)
 ParOldGen       total 90112K, used 25839K [0x00000000c0000000, 0x00000000c5800000, 0x00000000eab00000)
  object space 90112K, 28% used [0x00000000c0000000,0x00000000c193bc88,0x00000000c5800000)
 Metaspace       used 53539K, capacity 57880K, committed 58112K, reserved 1099776K
  class space    used 8071K, capacity 8625K, committed 8704K, reserved 1048576K
Event: 339,866 GC heap after
Heap after GC invocations=47 (full 2):
 PSYoungGen      total 53248K, used 6823K [0x00000000eab00000, 0x00000000eea00000, 0x0000000100000000)
  eden space 44032K, 0% used [0x00000000eab00000,0x00000000eab00000,0x00000000ed600000)
  from space 9216K, 74% used [0x00000000ed680000,0x00000000edd29f90,0x00000000edf80000)
  to   space 10240K, 0% used [0x00000000ee000000,0x00000000ee000000,0x00000000eea00000)
 ParOldGen       total 90112K, used 25871K [0x00000000c0000000, 0x00000000c5800000, 0x00000000eab00000)
  object space 90112K, 28% used [0x00000000c0000000,0x00000000c1943c88,0x00000000c5800000)
 Metaspace       used 53539K, capacity 57880K, committed 58112K, reserved 1099776K
  class space    used 8071K, capacity 8625K, committed 8704K, reserved 1048576K
}
Event: 375,883 GC heap before
{Heap before GC invocations=48 (full 2):
 PSYoungGen      total 53248K, used 50855K [0x00000000eab00000, 0x00000000eea00000, 0x0000000100000000)
  eden space 44032K, 100% used [0x00000000eab00000,0x00000000ed600000,0x00000000ed600000)
  from space 9216K, 74% used [0x00000000ed680000,0x00000000edd29f90,0x00000000edf80000)
  to   space 10240K, 0% used [0x00000000ee000000,0x00000000ee000000,0x00000000eea00000)
 ParOldGen       total 90112K, used 25871K [0x00000000c0000000, 0x00000000c5800000, 0x00000000eab00000)
  object space 90112K, 28% used [0x00000000c0000000,0x00000000c1943c88,0x00000000c5800000)
 Metaspace       used 53613K, capacity 57884K, committed 58112K, reserved 1099776K
  class space    used 8071K, capacity 8625K, committed 8704K, reserved 1048576K
Event: 375,890 GC heap after
Heap after GC invocations=48 (full 2):
 PSYoungGen      total 53248K, used 7175K [0x00000000eab00000, 0x00000000eeb80000, 0x0000000100000000)
  eden space 43008K, 0% used [0x00000000eab00000,0x00000000eab00000,0x00000000ed500000)
  from space 10240K, 70% used [0x00000000ee000000,0x00000000ee701f90,0x00000000eea00000)
  to   space 11264K, 0% used [0x00000000ed500000,0x00000000ed500000,0x00000000ee000000)
 ParOldGen       total 90112K, used 25903K [0x00000000c0000000, 0x00000000c5800000, 0x00000000eab00000)
  object space 90112K, 28% used [0x00000000c0000000,0x00000000c194bc88,0x00000000c5800000)
 Metaspace       used 53613K, capacity 57884K, committed 58112K, reserved 1099776K
  class space    used 8071K, capacity 8625K, committed 8704K, reserved 1048576K
}
Event: 382,751 GC heap before
{Heap before GC invocations=49 (full 2):
 PSYoungGen      total 53248K, used 50183K [0x00000000eab00000, 0x00000000eeb80000, 0x0000000100000000)
  eden space 43008K, 100% used [0x00000000eab00000,0x00000000ed500000,0x00000000ed500000)
  from space 10240K, 70% used [0x00000000ee000000,0x00000000ee701f90,0x00000000eea00000)
  to   space 11264K, 0% used [0x00000000ed500000,0x00000000ed500000,0x00000000ee000000)
 ParOldGen       total 90112K, used 25903K [0x00000000c0000000, 0x00000000c5800000, 0x00000000eab00000)
  object space 90112K, 28% used [0x00000000c0000000,0x00000000c194bc88,0x00000000c5800000)
 Metaspace       used 54047K, capacity 58444K, committed 58752K, reserved 1099776K
  class space    used 8131K, capacity 8761K, committed 8832K, reserved 1048576K
Event: 382,756 GC heap after
Heap after GC invocations=49 (full 2):
 PSYoungGen      total 53760K, used 7012K [0x00000000eab00000, 0x00000000eeb80000, 0x0000000100000000)
  eden space 42496K, 0% used [0x00000000eab00000,0x00000000eab00000,0x00000000ed480000)
  from space 11264K, 62% used [0x00000000ed500000,0x00000000edbd93a8,0x00000000ee000000)
  to   space 11776K, 0% used [0x00000000ee000000,0x00000000ee000000,0x00000000eeb80000)
 ParOldGen       total 90112K, used 25927K [0x00000000c0000000, 0x00000000c5800000, 0x00000000eab00000)
  object space 90112K, 28% used [0x00000000c0000000,0x00000000c1951c88,0x00000000c5800000)
 Metaspace       used 54047K, capacity 58444K, committed 58752K, reserved 1099776K
  class space    used 8131K, capacity 8761K, committed 8832K, reserved 1048576K
}
Event: 382,807 GC heap before
{Heap before GC invocations=50 (full 2):
 PSYoungGen      total 53760K, used 17460K [0x00000000eab00000, 0x00000000eeb80000, 0x0000000100000000)
  eden space 42496K, 24% used [0x00000000eab00000,0x00000000eb533ec8,0x00000000ed480000)
  from space 11264K, 62% used [0x00000000ed500000,0x00000000edbd93a8,0x00000000ee000000)
  to   space 11776K, 0% used [0x00000000ee000000,0x00000000ee000000,0x00000000eeb80000)
 ParOldGen       total 90112K, used 25927K [0x00000000c0000000, 0x00000000c5800000, 0x00000000eab00000)
  object space 90112K, 28% used [0x00000000c0000000,0x00000000c1951c88,0x00000000c5800000)
 Metaspace       used 54218K, capacity 58876K, committed 59096K, reserved 1099776K
  class space    used 8199K, capacity 8929K, committed 8960K, reserved 1048576K
Event: 382,811 GC heap after
Heap after GC invocations=50 (full 2):
 PSYoungGen      total 54272K, used 6564K [0x00000000eab00000, 0x00000000ef180000, 0x0000000100000000)
  eden space 42496K, 0% used [0x00000000eab00000,0x00000000eab00000,0x00000000ed480000)
  from space 11776K, 55% used [0x00000000ee000000,0x00000000ee6693a8,0x00000000eeb80000)
  to   space 11776K, 0% used [0x00000000ed480000,0x00000000ed480000,0x00000000ee000000)
 ParOldGen       total 90112K, used 25951K [0x00000000c0000000, 0x00000000c5800000, 0x00000000eab00000)
  object space 90112K, 28% used [0x00000000c0000000,0x00000000c1957c88,0x00000000c5800000)
 Metaspace       used 54218K, capacity 58876K, committed 59096K, reserved 1099776K
  class space    used 8199K, capacity 8929K, committed 8960K, reserved 1048576K
}
Event: 382,811 GC heap before
{Heap before GC invocations=51 (full 3):
 PSYoungGen      total 54272K, used 6564K [0x00000000eab00000, 0x00000000ef180000, 0x0000000100000000)
  eden space 42496K, 0% used [0x00000000eab00000,0x00000000eab00000,0x00000000ed480000)
  from space 11776K, 55% used [0x00000000ee000000,0x00000000ee6693a8,0x00000000eeb80000)
  to   space 11776K, 0% used [0x00000000ed480000,0x00000000ed480000,0x00000000ee000000)
 ParOldGen       total 90112K, used 25951K [0x00000000c0000000, 0x00000000c5800000, 0x00000000eab00000)
  object space 90112K, 28% used [0x00000000c0000000,0x00000000c1957c88,0x00000000c5800000)
 Metaspace       used 54218K, capacity 58876K, committed 59096K, reserved 1099776K
  class space    used 8199K, capacity 8929K, committed 8960K, reserved 1048576K
Event: 382,926 GC heap after
Heap after GC invocations=51 (full 3):
 PSYoungGen      total 54272K, used 0K [0x00000000eab00000, 0x00000000ef180000, 0x0000000100000000)
  eden space 42496K, 0% used [0x00000000eab00000,0x00000000eab00000,0x00000000ed480000)
  from space 11776K, 0% used [0x00000000ee000000,0x00000000ee000000,0x00000000eeb80000)
  to   space 11776K, 0% used [0x00000000ed480000,0x00000000ed480000,0x00000000ee000000)
 ParOldGen       total 111616K, used 21765K [0x00000000c0000000, 0x00000000c6d00000, 0x00000000eab00000)
  object space 111616K, 19% used [0x00000000c0000000,0x00000000c1541620,0x00000000c6d00000)
 Metaspace       used 53442K, capacity 57618K, committed 59096K, reserved 1099776K
  class space    used 7866K, capacity 8375K, committed 8960K, reserved 1048576K
}

Deoptimization events (10 events):
Event: 372,992 Thread 0x0000000002a30000 Uncommon trap: reason=bimorphic action=maybe_recompile pc=0x00007f85b26cfc38 method=sun.java2d.SunGraphics2D.drawImage(Ljava/awt/image/BufferedImage;Ljava/awt/image/BufferedImageOp;II)V @ 15
Event: 372,992 Thread 0x0000000002a30000 Uncommon trap: reason=bimorphic action=maybe_recompile pc=0x00007f85b26cfc38 method=sun.java2d.SunGraphics2D.drawImage(Ljava/awt/image/BufferedImage;Ljava/awt/image/BufferedImageOp;II)V @ 15
Event: 382,376 Thread 0x0000000002a30000 Uncommon trap: reason=unstable_if action=reinterpret pc=0x00007f85b2a725b4 method=java.text.DecimalFormat.applyPattern(Ljava/lang/String;Z)V @ 703
Event: 382,376 Thread 0x0000000002a30000 Uncommon trap: reason=unstable_if action=reinterpret pc=0x00007f85b2a768b8 method=java.text.DecimalFormat.expandAffix(Ljava/lang/String;Ljava/lang/StringBuffer;)Ljava/lang/String; @ 29
Event: 382,376 Thread 0x0000000002a30000 Uncommon trap: reason=unstable_if action=reinterpret pc=0x00007f85b2a98b10 method=java.text.DecimalFormat.format(DLjava/lang/StringBuffer;Ljava/text/Format$FieldDelegate;)Ljava/lang/StringBuffer; @ 107
Event: 382,376 Thread 0x0000000002a30000 Uncommon trap: reason=unstable_if action=reinterpret pc=0x00007f85b2a90b2c method=java.text.DigitList.set(ZLjava/lang/String;ZZIZ)V @ 238
Event: 382,376 Thread 0x0000000002a30000 Uncommon trap: reason=unstable_if action=reinterpret pc=0x00007f85b2aad9a8 method=java.text.DecimalFormat.subformat(Ljava/lang/StringBuffer;Ljava/text/Format$FieldDelegate;ZZIIII)Ljava/lang/StringBuffer; @ 1064
Event: 382,376 Thread 0x0000000002a30000 Uncommon trap: reason=predicate action=maybe_recompile pc=0x00007f85b2a87b74 method=java.text.DecimalFormat.expandAffix(Ljava/lang/String;)[Ljava/text/FieldPosition; @ 16
Event: 382,376 Thread 0x0000000002a30000 Uncommon trap: reason=predicate action=maybe_recompile pc=0x00007f85b2a8dd40 method=java.text.DecimalFormat.append(Ljava/lang/StringBuffer;Ljava/lang/String;Ljava/text/Format$FieldDelegate;[Ljava/text/FieldPosition;Ljava/text/Format$Field;)V @ 34
Event: 382,669 Thread 0x0000000002a30000 Uncommon trap: reason=class_check action=maybe_recompile pc=0x00007f85b1c0f718 method=sun.awt.image.SurfaceManager.getManager(Ljava/awt/Image;)Lsun/awt/image/SurfaceManager; @ 13

Internal exceptions (10 events):
Event: 333,672 Thread 0x0000000002a30000 Exception <a 'java/lang/NoSuchMethodError': java.lang.Object.$anonfun$breedInstruction$1(Lorg/nlogo/api/DelegatingMapper;Ljava/lang/String;Ljava/lang/String;)Lscala/Option;> (0x00000000eb540c08) thrown at [/HUDSON3/workspace/8-2-build-linux-amd64/jdk8u121
Event: 333,913 Thread 0x0000000002a30000 Exception <a 'sun/nio/fs/UnixException'> (0x00000000eb5a24d8) thrown at [/HUDSON3/workspace/8-2-build-linux-amd64/jdk8u121/8372/hotspot/src/share/vm/prims/jni.cpp, line 709]
Event: 333,913 Thread 0x0000000002a30000 Exception <a 'sun/nio/fs/UnixException'> (0x00000000eb5a4398) thrown at [/HUDSON3/workspace/8-2-build-linux-amd64/jdk8u121/8372/hotspot/src/share/vm/prims/jni.cpp, line 709]
Event: 333,990 Thread 0x0000000003653000 Exception <a 'java/lang/NoSuchMethodError': java.lang.Object.$anonfun$extractErrorInstruction$1$adapted(Ljava/lang/StackTraceElement;)Ljava/lang/Object;> (0x00000000eb6048b0) thrown at [/HUDSON3/workspace/8-2-build-linux-amd64/jdk8u121/8372/hotspot/src/sh
Event: 333,991 Thread 0x0000000003653000 Exception <a 'java/lang/NoSuchMethodError': java.lang.Object.$anonfun$extractErrorInstruction$2(Ljava/lang/StackTraceElement;)Lscala/Tuple2;> (0x00000000eb6088f0) thrown at [/HUDSON3/workspace/8-2-build-linux-amd64/jdk8u121/8372/hotspot/src/share/vm/inter
Event: 333,991 Thread 0x0000000003653000 Exception <a 'java/lang/NoSuchMethodError': java.lang.Object.$anonfun$extractErrorInstruction$3$adapted(Lscala/Tuple2;)Ljava/lang/Object;> (0x00000000eb60d020) thrown at [/HUDSON3/workspace/8-2-build-linux-amd64/jdk8u121/8372/hotspot/src/share/vm/interpre
Event: 333,992 Thread 0x0000000003653000 Exception <a 'java/lang/NoSuchMethodError': java.lang.Object.$anonfun$extractErrorInstruction$4$adapted(Lorg/nlogo/generate/GeneratedInstruction;Ljava/lang/Object;Lscala/Tuple2;)Ljava/lang/Object;> (0x00000000eb6108f8) thrown at [/HUDSON3/workspace/8-2-bu
Event: 333,992 Thread 0x0000000003653000 Exception <a 'java/lang/NoSuchMethodError': java.lang.Object.$anonfun$extractErrorInstruction$5(Lorg/nlogo/generate/GeneratedInstruction;Ljava/lang/Object;Ljava/lang/reflect/Field;)Lscala/runtime/Nothing$;> (0x00000000eb616450) thrown at [/HUDSON3/workspa
Event: 382,480 Thread 0x0000000003653000 Exception <a 'java/lang/InterruptedException'> (0x00000000eab80248) thrown at [/HUDSON3/workspace/8-2-build-linux-amd64/jdk8u121/8372/hotspot/src/share/vm/runtime/objectMonitor.cpp, line 1684]
Event: 382,480 Thread 0x0000000003653000 Exception <a 'java/lang/InterruptedException'> (0x00000000eab80788) thrown at [/HUDSON3/workspace/8-2-build-linux-amd64/jdk8u121/8372/hotspot/src/share/vm/runtime/objectMonitor.cpp, line 1495]

Events (10 events):
Event: 382,751 Executing VM operation: ParallelGCFailedAllocation
Event: 382,756 Executing VM operation: ParallelGCFailedAllocation done
Event: 382,757 Executing VM operation: RevokeBias
Event: 382,757 Executing VM operation: RevokeBias done
Event: 382,757 Executing VM operation: RevokeBias
Event: 382,757 Executing VM operation: RevokeBias done
Event: 382,757 Executing VM operation: RevokeBias
Event: 382,757 Executing VM operation: RevokeBias done
Event: 382,807 Executing VM operation: CollectForMetadataAllocation
Event: 382,926 Executing VM operation: CollectForMetadataAllocation done


Dynamic libraries:
00400000-00402000 r-xp 00000000 fc:02 268563666                          /export/home/vanhee/Bureau/NetLogo 6.0.1/NetLogo
00601000-00602000 rw-p 00001000 fc:02 268563666                          /export/home/vanhee/Bureau/NetLogo 6.0.1/NetLogo
00b41000-0391c000 rw-p 00000000 00:00 0                                  [heap]
c0000000-c6d00000 rw-p 00000000 00:00 0 
c6d00000-eab00000 ---p 00000000 00:00 0 
eab00000-ef180000 rw-p 00000000 00:00 0 
ef180000-100000000 ---p 00000000 00:00 0 
100000000-1008c0000 rw-p 00000000 00:00 0 
1008c0000-140000000 ---p 00000000 00:00 0 
7f8540000000-7f8540021000 rw-p 00000000 00:00 0 
7f8540021000-7f8544000000 ---p 00000000 00:00 0 
7f8548000000-7f854828e000 rw-p 00000000 00:00 0 
7f854828e000-7f854c000000 ---p 00000000 00:00 0 
7f854c000000-7f854c056000 rw-p 00000000 00:00 0 
7f854c056000-7f8550000000 ---p 00000000 00:00 0 
7f8550000000-7f8550031000 rw-p 00000000 00:00 0 
7f8550031000-7f8554000000 ---p 00000000 00:00 0 
7f8554000000-7f8554021000 rw-p 00000000 00:00 0 
7f8554021000-7f8558000000 ---p 00000000 00:00 0 
7f8558000000-7f855866b000 rw-p 00000000 00:00 0 
7f855866b000-7f855c000000 ---p 00000000 00:00 0 
7f855c000000-7f855c073000 rw-p 00000000 00:00 0 
7f855c073000-7f8560000000 ---p 00000000 00:00 0 
7f8560000000-7f85600e6000 rw-p 00000000 00:00 0 
7f85600e6000-7f8564000000 ---p 00000000 00:00 0 
7f8564000000-7f8564021000 rw-p 00000000 00:00 0 
7f8564021000-7f8568000000 ---p 00000000 00:00 0 
7f8568000000-7f8568021000 rw-p 00000000 00:00 0 
7f8568021000-7f856c000000 ---p 00000000 00:00 0 
7f856c000000-7f856c299000 rw-p 00000000 00:00 0 
7f856c299000-7f8570000000 ---p 00000000 00:00 0 
7f8570000000-7f8570021000 rw-p 00000000 00:00 0 
7f8570021000-7f8574000000 ---p 00000000 00:00 0 
7f8574000000-7f8574021000 rw-p 00000000 00:00 0 
7f8574021000-7f8578000000 ---p 00000000 00:00 0 
7f8578000000-7f85792bb000 rw-p 00000000 00:00 0 
7f85792bb000-7f857c000000 ---p 00000000 00:00 0 
7f857c000000-7f857d67b000 rw-p 00000000 00:00 0 
7f857d67b000-7f8580000000 ---p 00000000 00:00 0 
7f8580000000-7f8580021000 rw-p 00000000 00:00 0 
7f8580021000-7f8584000000 ---p 00000000 00:00 0 
7f8584000000-7f8585293000 rw-p 00000000 00:00 0 
7f8585293000-7f8588000000 ---p 00000000 00:00 0 
7f8588000000-7f8588021000 rw-p 00000000 00:00 0 
7f8588021000-7f858c000000 ---p 00000000 00:00 0 
7f858c000000-7f858c021000 rw-p 00000000 00:00 0 
7f858c021000-7f8590000000 ---p 00000000 00:00 0 
7f8590000000-7f8590021000 rw-p 00000000 00:00 0 
7f8590021000-7f8594000000 ---p 00000000 00:00 0 
7f8594000000-7f8594052000 rw-p 00000000 00:00 0 
7f8594052000-7f8598000000 ---p 00000000 00:00 0 
7f8598000000-7f8598021000 rw-p 00000000 00:00 0 
7f8598021000-7f859c000000 ---p 00000000 00:00 0 
7f859c622000-7f859c714000 rw-s 00000000 00:05 13828116                   /SYSV00000000 (deleted)
7f859c7b4000-7f859c8aa000 rw-p 00000000 00:00 0 
7f859c8aa000-7f859c9b4000 ---p 00000000 00:00 0 
7f859c9b4000-7f859cbb4000 rw-p 00000000 00:00 0 
7f859cbb8000-7f859cdb8000 rw-p 00000000 00:00 0 
7f859cdb8000-7f859cfb8000 rw-p 00000000 00:00 0 
7f859cfb8000-7f859cfcf000 r-xp 00000000 fc:01 323651169                  /lib/x86_64-linux-gnu/libresolv-2.19.so
7f859cfcf000-7f859d1cf000 ---p 00017000 fc:01 323651169                  /lib/x86_64-linux-gnu/libresolv-2.19.so
7f859d1cf000-7f859d1d0000 r--p 00017000 fc:01 323651169                  /lib/x86_64-linux-gnu/libresolv-2.19.so
7f859d1d0000-7f859d1d1000 rw-p 00018000 fc:01 323651169                  /lib/x86_64-linux-gnu/libresolv-2.19.so
7f859d1d1000-7f859d1d3000 rw-p 00000000 00:00 0 
7f859d1d3000-7f859d1d8000 r-xp 00000000 fc:01 323656224                  /lib/x86_64-linux-gnu/libnss_dns-2.19.so
7f859d1d8000-7f859d3d7000 ---p 00005000 fc:01 323656224                  /lib/x86_64-linux-gnu/libnss_dns-2.19.so
7f859d3d7000-7f859d3d8000 r--p 00004000 fc:01 323656224                  /lib/x86_64-linux-gnu/libnss_dns-2.19.so
7f859d3d8000-7f859d3d9000 rw-p 00005000 fc:01 323656224                  /lib/x86_64-linux-gnu/libnss_dns-2.19.so
7f859d3d9000-7f859d3dc000 r-xp 00000000 fc:01 321450482                  /lib/x86_64-linux-gnu/libnss_myhostname.so.2
7f859d3dc000-7f859d5db000 ---p 00003000 fc:01 321450482                  /lib/x86_64-linux-gnu/libnss_myhostname.so.2
7f859d5db000-7f859d5dc000 r--p 00002000 fc:01 321450482                  /lib/x86_64-linux-gnu/libnss_myhostname.so.2
7f859d5dc000-7f859d5dd000 rw-p 00003000 fc:01 321450482                  /lib/x86_64-linux-gnu/libnss_myhostname.so.2
7f859d5dd000-7f859d7dd000 rw-p 00000000 00:00 0 
7f859d7dd000-7f859d9dd000 rw-p 00000000 00:00 0 
7f859d9dd000-7f859d9e0000 ---p 00000000 00:00 0 
7f859d9e0000-7f859dcde000 rw-p 00000000 00:00 0 
7f859dcde000-7f859dd08000 r-xp 00000000 fc:02 244922                     /export/home/vanhee/Bureau/NetLogo 6.0.1/runtime/lib/amd64/libdcpr.so
7f859dd08000-7f859df08000 ---p 0002a000 fc:02 244922                     /export/home/vanhee/Bureau/NetLogo 6.0.1/runtime/lib/amd64/libdcpr.so
7f859df08000-7f859df0b000 rw-p 0002a000 fc:02 244922                     /export/home/vanhee/Bureau/NetLogo 6.0.1/runtime/lib/amd64/libdcpr.so
7f859df0b000-7f859e10b000 rw-p 00000000 00:00 0 
7f859e10b000-7f859e30b000 rw-p 00000000 00:00 0 
7f859e30b000-7f859e30c000 r--s 00000000 fc:01 416020494                  /var/cache/fontconfig/087e1975ba9a574b140bb1df193bf770-le64.cache-4
7f859e30c000-7f859e31a000 r--s 00000000 fc:01 416020488                  /var/cache/fontconfig/6aa41aa22e18b8fa06a12da28ea9c28b-le64.cache-4
7f859e31a000-7f859e31b000 r--s 00000000 fc:01 416020487                  /var/cache/fontconfig/c05880de57d1f5e948fdfacc138775d9-le64.cache-4
7f859e31b000-7f859e320000 r--s 00000000 fc:01 416020486                  /var/cache/fontconfig/603b2eb47209ddb3c5269b217a306167-le64.cache-4
7f859e320000-7f859e32b000 r--s 00000000 fc:01 416020485                  /var/cache/fontconfig/945677eb7aeaf62f1d50efc3fb3ec7d8-le64.cache-4
7f859e32b000-7f859e32d000 r--s 00000000 fc:01 416020481                  /var/cache/fontconfig/99e8ed0e538f840c565b6ed5dad60d56-le64.cache-4
7f859e32d000-7f859e330000 r--s 00000000 fc:01 416020479                  /var/cache/fontconfig/f24b2111ab8703b4e963115a8cf14259-le64.cache-4
7f859e330000-7f859e332000 r--s 00000000 fc:01 416020478                  /var/cache/fontconfig/0fafd173547752dce4dee1a69e0b3c95-le64.cache-4
7f859e332000-7f859e33a000 r--s 00000000 fc:01 416020476                  /var/cache/fontconfig/63c7aca0c1b0a3f740ee470c2e28e675-le64.cache-4
7f859e33a000-7f859e343000 r--s 00000000 fc:01 416020475                  /var/cache/fontconfig/a6d8cf8e4ec09cdbc8633c31745a07dd-le64.cache-4
7f859e343000-7f859e349000 r--s 00000000 fc:01 416020473                  /var/cache/fontconfig/2cd17615ca594fa2959ae173292e504c-le64.cache-4
7f859e349000-7f859e34a000 r--s 00000000 fc:01 416020472                  /var/cache/fontconfig/e7071f4a29fa870f4323321c154eba04-le64.cache-4
7f859e34a000-7f859e34b000 r--s 00000000 fc:01 416020470                  /var/cache/fontconfig/617957603a337376ca8784972c6029f5-le64.cache-4
7f859e34b000-7f859e34e000 r--s 00000000 fc:01 416020469                  /var/cache/fontconfig/c69f04ab05004e31a6d5e715764f16d8-le64.cache-4
7f859e34e000-7f859e34f000 r--s 00000000 fc:01 416020467                  /var/cache/fontconfig/0d8c3b2ac0904cb8a57a757ad11a4a08-le64.cache-4
7f859e34f000-7f859e356000 r--s 00000000 fc:01 416020466                  /var/cache/fontconfig/a755afe4a08bf5b97852ceb7400b47bc-le64.cache-4
7f859e356000-7f859e362000 r--s 00000000 fc:01 416020463                  /var/cache/fontconfig/6d41288fd70b0be22e8c3a91e032eec0-le64.cache-4
7f859e362000-7f859e366000 r--s 00000000 fc:01 416020461                  /var/cache/fontconfig/de156ccd2eddbdc19d37a45b8b2aac9c-le64.cache-4
7f859e366000-7f859e37a000 r--s 00000000 fc:01 416020460                  /var/cache/fontconfig/04aabc0a78ac019cf9454389977116d2-le64.cache-4
7f859e37a000-7f859e37b000 r--s 00000000 fc:01 416020458                  /var/cache/fontconfig/1ac9eb803944fde146138c791f5cc56a-le64.cache-4
7f859e37b000-7f859e37c000 r--s 00000000 fc:01 416020457                  /var/cache/fontconfig/b95bc8ffbebda2bbdae4265e45b8178d-le64.cache-4
7f859e37c000-7f859e380000 r--s 00000000 fc:01 416020455                  /var/cache/fontconfig/385c0604a188198f04d133e54aba7fe7-le64.cache-4
7f859e380000-7f859e381000 r--s 00000000 fc:01 416020454                  /var/cache/fontconfig/9c956a7723ca69a44b382d9179c9802f-le64.cache-4
7f859e381000-7f859e382000 r--s 00000000 fc:01 416020452                  /var/cache/fontconfig/9451a55048e8dbe8633e64d34165fdf2-le64.cache-4
7f859e382000-7f859e383000 r--s 00000000 fc:01 416020451                  /var/cache/fontconfig/dc05db6664285cc2f12bf69c139ae4c3-le64.cache-4
7f859e383000-7f859e386000 r--s 00000000 fc:01 416020449                  /var/cache/fontconfig/ddd4086aec35a5275babba44bb759c3c-le64.cache-4
7f859e386000-7f859e387000 r--s 00000000 fc:01 416020448                  /var/cache/fontconfig/5d1cca7074f29429a8d18692746c2426-le64.cache-4
7f859e387000-7f859e389000 r--s 00000000 fc:01 416020414                  /var/cache/fontconfig/767a8244fc0220cfb567a839d0392e0b-le64.cache-4
7f859e389000-7f859e38a000 r--s 00000000 fc:01 443332124                  /var/cache/fontconfig/4794a0821666d79190d59a36cb4f44b5-le64.cache-4
7f859e38a000-7f859e38b000 r--s 00000000 fc:01 416020411                  /var/cache/fontconfig/9eae20f1ff8cc0a7d125749e875856bd-le64.cache-4
7f859e38b000-7f859e38d000 r--s 00000000 fc:01 416020410                  /var/cache/fontconfig/bf2c1853a9e9b00bb02fe2e9bcf1e201-le64.cache-4
7f859e38d000-7f859e392000 r--s 00000000 fc:01 416020408                  /var/cache/fontconfig/8801497958630a81b71ace7c5f9b32a8-le64.cache-4
7f859e392000-7f859e3cf000 r--s 00000000 fc:01 416020407                  /var/cache/fontconfig/365b55f210c0a22e9a19e35191240f32-le64.cache-4
7f859e3cf000-7f859e3d3000 r--s 00000000 fc:01 416020405                  /var/cache/fontconfig/c57959a16110560c8d0fcea73374aeeb-le64.cache-4
7f859e3d3000-7f859e3da000 r--s 00000000 fc:01 416020396                  /var/cache/fontconfig/3047814df9a2f067bd2d96a2b9c36e5a-le64.cache-4
7f859e3da000-7f859e3de000 r--s 00000000 fc:01 416020395                  /var/cache/fontconfig/bf3b770c553c462765856025a94f1ce6-le64.cache-4
7f859e3de000-7f859e3df000 r--s 00000000 fc:01 416020393                  /var/cache/fontconfig/56cf4f4769d0f4abc89a4895d7bd3ae1-le64.cache-4
7f859e3df000-7f859e3e1000 r--s 00000000 fc:01 416020390                  /var/cache/fontconfig/de9486f0b47a4d768a594cb4198cb1c6-le64.cache-4
7f859e3e1000-7f859e3e3000 r--s 00000000 fc:01 416020389                  /var/cache/fontconfig/9a04f3458e11652314d3177aded2a140-le64.cache-4
7f859e3e3000-7f859e3e4000 r--s 00000000 fc:01 416020387                  /var/cache/fontconfig/b9d506c9ac06c20b433354fa67a72993-le64.cache-4
7f859e3e4000-7f859e3ea000 r--s 00000000 fc:01 416020384                  /var/cache/fontconfig/b47c4e1ecd0709278f4910c18777a504-le64.cache-4
7f859e3ea000-7f859e3ed000 r--s 00000000 fc:01 416020383                  /var/cache/fontconfig/14d493b97896515cad3840ba4896e372-le64.cache-4
7f859e3ed000-7f859e3f5000 r--s 00000000 fc:01 416020381                  /var/cache/fontconfig/ce677e824a231659fde4a3a246a10ea3-le64.cache-4
7f859e3f5000-7f859e3f6000 r--s 00000000 fc:01 416020380                  /var/cache/fontconfig/89034621ae2a8922916bb6bfa5799546-le64.cache-4
7f859e3f6000-7f859e3f9000 r--s 00000000 fc:01 416020378                  /var/cache/fontconfig/e49e89034d371f0f9de17aab02136486-le64.cache-4
7f859e3f9000-7f859e3fb000 r--s 00000000 fc:01 416020371                  /var/cache/fontconfig/4b14b093aebc79c320de5e86ae1d3314-le64.cache-4
7f859e3fb000-7f859e3fc000 r--s 00000000 fc:01 416020369                  /var/cache/fontconfig/8aec10f4cc8391dcef22ca549f1e4354-le64.cache-4
7f859e3fc000-7f859e40f000 r--s 00000000 fc:01 416020368                  /var/cache/fontconfig/d52a8644073d54c13679302ca1180695-le64.cache-4
7f859e40f000-7f859e41c000 r--s 00000000 fc:01 416020359                  /var/cache/fontconfig/0016f91d272966d80cf1fcd12c9c3815-le64.cache-4
7f859e41c000-7f859e41d000 r--s 00000000 fc:01 416020357                  /var/cache/fontconfig/8a687c406b77f27d99abfeeba937fcce-le64.cache-4
7f859e41d000-7f859e425000 r--s 00000000 fc:01 416020356                  /var/cache/fontconfig/105b9c7e6f0a4f82d8c9b6e39c52c6f9-le64.cache-4
7f859e425000-7f859e42e000 r--s 00000000 fc:01 416020354                  /var/cache/fontconfig/3f7329c5293ffd510edef78f73874cfd-le64.cache-4
7f859e42e000-7f859e42f000 r--s 00000000 fc:01 416020353                  /var/cache/fontconfig/ac2cf712d852da827a87a9baf682f5b9-le64.cache-4
7f859e42f000-7f859e431000 r--s 00000000 fc:01 416020351                  /var/cache/fontconfig/65f976e5259cbe6dc7697b8648396239-le64.cache-4
7f859e431000-7f859e43c000 r--s 00000000 fc:01 416020350                  /var/cache/fontconfig/d589a48862398ed80a3d6066f4f56f4c-le64.cache-4
7f859e43c000-7f859e43d000 r--s 00000000 fc:01 416020348                  /var/cache/fontconfig/94f7fe9bd33aadfac165873bd010d595-le64.cache-4
7f859e43d000-7f859e43f000 r--s 00000000 fc:01 416020347                  /var/cache/fontconfig/423767150eb258c59035de29db6fca84-le64.cache-4
7f859e43f000-7f859e440000 r--s 00000000 fc:01 416020242                  /var/cache/fontconfig/845c20fd2c4814bcec78e05d37a63ccc-le64.cache-4
7f859e440000-7f859e441000 r--s 00000000 fc:01 416020241                  /var/cache/fontconfig/e7de81b01590fb7e12b38e274e17d0db-le64.cache-4
7f859e441000-7f859e445000 r--s 00000000 fc:01 416020239                  /var/cache/fontconfig/6386b86020ecc1ef9690bb720a13964f-le64.cache-4
7f859e445000-7f859e452000 r--s 00000000 fc:01 416019403                  /var/cache/fontconfig/089dead882dea3570ffc31a9898cfb69-le64.cache-4
7f859e452000-7f859e45c000 r--s 00000000 fc:01 416019400                  /var/cache/fontconfig/198d8fcf01c96d0cf813f74fd759bdb7-le64.cache-4
7f859e45c000-7f859e467000 r--s 00000000 fc:01 416018613                  /var/cache/fontconfig/83bf95040141907cd45bb53cf7c1c148-le64.cache-4
7f859e467000-7f859e470000 r--s 00000000 fc:01 416018171                  /var/cache/fontconfig/d0972c3d32f097851eb916381fc38920-le64.cache-4
7f859e470000-7f859e495000 r--s 00000000 fc:01 443332136                  /var/cache/fontconfig/cabbd14511b9e8a55e92af97fb3a0461-le64.cache-4
7f859e4dc000-7f859e4df000 ---p 00000000 00:00 0 
7f859e4df000-7f859e7dd000 rw-p 00000000 00:00 0 
7f859e7dd000-7f859e9dd000 rw-p 00000000 00:00 0 
7f859e9dd000-7f859ebdd000 rw-p 00000000 00:00 0 
7f859ebdd000-7f859eddd000 rw-p 00000000 00:00 0 
7f859eddd000-7f859efdd000 rw-p 00000000 00:00 0 
7f859efdd000-7f859efde000 r--s 00000000 fc:01 416020238                  /var/cache/fontconfig/406a1d2d2bf3ed7664fbadefac0b2f66-le64.cache-4
7f859efde000-7f859efe0000 r--s 00000000 fc:01 416020236                  /var/cache/fontconfig/67709b7835c0f764c1135060c9575660-le64.cache-4
7f859efe0000-7f859efe2000 r--s 00000000 fc:01 416019900                  /var/cache/fontconfig/099525ddca5eae4f2477b69cf2d7f16d-le64.cache-4
7f859efe2000-7f859eff5000 r--s 00000000 fc:01 416018163                  /var/cache/fontconfig/4ac51e5cfbc76fc3f983e470323a16d3-le64.cache-4
7f859eff5000-7f859f016000 r--s 00000000 fc:01 411784770                  /var/cache/fontconfig/e13b20fdb08344e0e664864cc2ede53d-le64.cache-4
7f859f016000-7f859f034000 r--s 00000000 fc:01 443332127                  /var/cache/fontconfig/467c019e582ee353435ea5c21d137ef6-le64.cache-4
7f859f034000-7f859f234000 rw-p 00000000 00:00 0 
7f859f234000-7f859f237000 ---p 00000000 00:00 0 
7f859f237000-7f859f335000 rw-p 00000000 00:00 0 
7f859f335000-7f859f338000 ---p 00000000 00:00 0 
7f859f338000-7f859f436000 rw-p 00000000 00:00 0 
7f859f436000-7f859f439000 ---p 00000000 00:00 0 
7f859f439000-7f859f537000 rw-p 00000000 00:00 0 
7f859f537000-7f859f53a000 ---p 00000000 00:00 0 
7f859f53a000-7f859ff38000 rw-p 00000000 00:00 0 
7f859ff38000-7f859ff39000 r--s 00000000 fc:01 416020494                  /var/cache/fontconfig/087e1975ba9a574b140bb1df193bf770-le64.cache-4
7f859ff39000-7f859ff47000 r--s 00000000 fc:01 416020488                  /var/cache/fontconfig/6aa41aa22e18b8fa06a12da28ea9c28b-le64.cache-4
7f859ff47000-7f859ff48000 r--s 00000000 fc:01 416020487                  /var/cache/fontconfig/c05880de57d1f5e948fdfacc138775d9-le64.cache-4
7f859ff48000-7f859ff4d000 r--s 00000000 fc:01 416020486                  /var/cache/fontconfig/603b2eb47209ddb3c5269b217a306167-le64.cache-4
7f859ff4d000-7f859ff58000 r--s 00000000 fc:01 416020485                  /var/cache/fontconfig/945677eb7aeaf62f1d50efc3fb3ec7d8-le64.cache-4
7f859ff58000-7f859ff5a000 r--s 00000000 fc:01 416020481                  /var/cache/fontconfig/99e8ed0e538f840c565b6ed5dad60d56-le64.cache-4
7f859ff5a000-7f859ff5d000 r--s 00000000 fc:01 416020479                  /var/cache/fontconfig/f24b2111ab8703b4e963115a8cf14259-le64.cache-4
7f859ff5d000-7f859ff5f000 r--s 00000000 fc:01 416020478                  /var/cache/fontconfig/0fafd173547752dce4dee1a69e0b3c95-le64.cache-4
7f859ff5f000-7f859ff67000 r--s 00000000 fc:01 416020476                  /var/cache/fontconfig/63c7aca0c1b0a3f740ee470c2e28e675-le64.cache-4
7f859ff67000-7f859ff70000 r--s 00000000 fc:01 416020475                  /var/cache/fontconfig/a6d8cf8e4ec09cdbc8633c31745a07dd-le64.cache-4
7f859ff70000-7f859ff76000 r--s 00000000 fc:01 416020473                  /var/cache/fontconfig/2cd17615ca594fa2959ae173292e504c-le64.cache-4
7f859ff76000-7f859ff77000 r--s 00000000 fc:01 416020472                  /var/cache/fontconfig/e7071f4a29fa870f4323321c154eba04-le64.cache-4
7f859ff77000-7f859ff78000 r--s 00000000 fc:01 416020470                  /var/cache/fontconfig/617957603a337376ca8784972c6029f5-le64.cache-4
7f859ff78000-7f859ff7b000 r--s 00000000 fc:01 416020469                  /var/cache/fontconfig/c69f04ab05004e31a6d5e715764f16d8-le64.cache-4
7f859ff7b000-7f859ff7c000 r--s 00000000 fc:01 416020467                  /var/cache/fontconfig/0d8c3b2ac0904cb8a57a757ad11a4a08-le64.cache-4
7f859ff7c000-7f859ff83000 r--s 00000000 fc:01 416020466                  /var/cache/fontconfig/a755afe4a08bf5b97852ceb7400b47bc-le64.cache-4
7f859ff83000-7f859ff8f000 r--s 00000000 fc:01 416020463                  /var/cache/fontconfig/6d41288fd70b0be22e8c3a91e032eec0-le64.cache-4
7f859ff8f000-7f859ff93000 r--s 00000000 fc:01 416020461                  /var/cache/fontconfig/de156ccd2eddbdc19d37a45b8b2aac9c-le64.cache-4
7f859ff93000-7f859ffa7000 r--s 00000000 fc:01 416020460                  /var/cache/fontconfig/04aabc0a78ac019cf9454389977116d2-le64.cache-4
7f859ffa7000-7f859ffa8000 r--s 00000000 fc:01 416020458                  /var/cache/fontconfig/1ac9eb803944fde146138c791f5cc56a-le64.cache-4
7f859ffa8000-7f859ffa9000 r--s 00000000 fc:01 416020457                  /var/cache/fontconfig/b95bc8ffbebda2bbdae4265e45b8178d-le64.cache-4
7f859ffa9000-7f859ffad000 r--s 00000000 fc:01 416020455                  /var/cache/fontconfig/385c0604a188198f04d133e54aba7fe7-le64.cache-4
7f859ffad000-7f859ffae000 r--s 00000000 fc:01 416020454                  /var/cache/fontconfig/9c956a7723ca69a44b382d9179c9802f-le64.cache-4
7f859ffae000-7f859ffaf000 r--s 00000000 fc:01 416020452                  /var/cache/fontconfig/9451a55048e8dbe8633e64d34165fdf2-le64.cache-4
7f859ffaf000-7f859ffb0000 r--s 00000000 fc:01 416020451                  /var/cache/fontconfig/dc05db6664285cc2f12bf69c139ae4c3-le64.cache-4
7f859ffb0000-7f859ffb3000 r--s 00000000 fc:01 416020449                  /var/cache/fontconfig/ddd4086aec35a5275babba44bb759c3c-le64.cache-4
7f859ffb3000-7f859ffb4000 r--s 00000000 fc:01 416020448                  /var/cache/fontconfig/5d1cca7074f29429a8d18692746c2426-le64.cache-4
7f859ffb4000-7f859ffb6000 r--s 00000000 fc:01 416020414                  /var/cache/fontconfig/767a8244fc0220cfb567a839d0392e0b-le64.cache-4
7f859ffb6000-7f859ffb7000 r--s 00000000 fc:01 443332124                  /var/cache/fontconfig/4794a0821666d79190d59a36cb4f44b5-le64.cache-4
7f859ffb7000-7f859ffb8000 r--s 00000000 fc:01 416020411                  /var/cache/fontconfig/9eae20f1ff8cc0a7d125749e875856bd-le64.cache-4
7f859ffb8000-7f859ffba000 r--s 00000000 fc:01 416020410                  /var/cache/fontconfig/bf2c1853a9e9b00bb02fe2e9bcf1e201-le64.cache-4
7f859ffba000-7f859ffbf000 r--s 00000000 fc:01 416020408                  /var/cache/fontconfig/8801497958630a81b71ace7c5f9b32a8-le64.cache-4
7f859ffbf000-7f859fffc000 r--s 00000000 fc:01 416020407                  /var/cache/fontconfig/365b55f210c0a22e9a19e35191240f32-le64.cache-4
7f859fffc000-7f85a0000000 r--s 00000000 fc:01 416020405                  /var/cache/fontconfig/c57959a16110560c8d0fcea73374aeeb-le64.cache-4
7f85a0000000-7f85a0021000 rw-p 00000000 00:00 0 
7f85a0021000-7f85a4000000 ---p 00000000 00:00 0 
7f85a4000000-7f85a4007000 r--s 00000000 fc:01 416020396                  /var/cache/fontconfig/3047814df9a2f067bd2d96a2b9c36e5a-le64.cache-4
7f85a4007000-7f85a400b000 r--s 00000000 fc:01 416020395                  /var/cache/fontconfig/bf3b770c553c462765856025a94f1ce6-le64.cache-4
7f85a400b000-7f85a400c000 r--s 00000000 fc:01 416020393                  /var/cache/fontconfig/56cf4f4769d0f4abc89a4895d7bd3ae1-le64.cache-4
7f85a400c000-7f85a400e000 r--s 00000000 fc:01 416020390                  /var/cache/fontconfig/de9486f0b47a4d768a594cb4198cb1c6-le64.cache-4
7f85a400e000-7f85a4010000 r--s 00000000 fc:01 416020389                  /var/cache/fontconfig/9a04f3458e11652314d3177aded2a140-le64.cache-4
7f85a4010000-7f85a4011000 r--s 00000000 fc:01 416020387                  /var/cache/fontconfig/b9d506c9ac06c20b433354fa67a72993-le64.cache-4
7f85a4011000-7f85a4017000 r--s 00000000 fc:01 416020384                  /var/cache/fontconfig/b47c4e1ecd0709278f4910c18777a504-le64.cache-4
7f85a4017000-7f85a401a000 r--s 00000000 fc:01 416020383                  /var/cache/fontconfig/14d493b97896515cad3840ba4896e372-le64.cache-4
7f85a401a000-7f85a4022000 r--s 00000000 fc:01 416020381                  /var/cache/fontconfig/ce677e824a231659fde4a3a246a10ea3-le64.cache-4
7f85a4022000-7f85a4023000 r--s 00000000 fc:01 416020380                  /var/cache/fontconfig/89034621ae2a8922916bb6bfa5799546-le64.cache-4
7f85a4023000-7f85a4026000 r--s 00000000 fc:01 416020378                  /var/cache/fontconfig/e49e89034d371f0f9de17aab02136486-le64.cache-4
7f85a4026000-7f85a4028000 r--s 00000000 fc:01 416020371                  /var/cache/fontconfig/4b14b093aebc79c320de5e86ae1d3314-le64.cache-4
7f85a4028000-7f85a4029000 r--s 00000000 fc:01 416020369                  /var/cache/fontconfig/8aec10f4cc8391dcef22ca549f1e4354-le64.cache-4
7f85a4029000-7f85a403c000 r--s 00000000 fc:01 416020368                  /var/cache/fontconfig/d52a8644073d54c13679302ca1180695-le64.cache-4
7f85a403c000-7f85a4049000 r--s 00000000 fc:01 416020359                  /var/cache/fontconfig/0016f91d272966d80cf1fcd12c9c3815-le64.cache-4
7f85a4049000-7f85a404a000 r--s 00000000 fc:01 416020357                  /var/cache/fontconfig/8a687c406b77f27d99abfeeba937fcce-le64.cache-4
7f85a404a000-7f85a4052000 r--s 00000000 fc:01 416020356                  /var/cache/fontconfig/105b9c7e6f0a4f82d8c9b6e39c52c6f9-le64.cache-4
7f85a4052000-7f85a405b000 r--s 00000000 fc:01 416020354                  /var/cache/fontconfig/3f7329c5293ffd510edef78f73874cfd-le64.cache-4
7f85a405b000-7f85a405c000 r--s 00000000 fc:01 416020353                  /var/cache/fontconfig/ac2cf712d852da827a87a9baf682f5b9-le64.cache-4
7f85a405c000-7f85a405e000 r--s 00000000 fc:01 416020351                  /var/cache/fontconfig/65f976e5259cbe6dc7697b8648396239-le64.cache-4
7f85a405e000-7f85a4069000 r--s 00000000 fc:01 416020350                  /var/cache/fontconfig/d589a48862398ed80a3d6066f4f56f4c-le64.cache-4
7f85a4069000-7f85a406a000 r--s 00000000 fc:01 416020348                  /var/cache/fontconfig/94f7fe9bd33aadfac165873bd010d595-le64.cache-4
7f85a406a000-7f85a406c000 r--s 00000000 fc:01 416020347                  /var/cache/fontconfig/423767150eb258c59035de29db6fca84-le64.cache-4
7f85a406c000-7f85a406d000 r--s 00000000 fc:01 416020242                  /var/cache/fontconfig/845c20fd2c4814bcec78e05d37a63ccc-le64.cache-4
7f85a406d000-7f85a406e000 r--s 00000000 fc:01 416020241                  /var/cache/fontconfig/e7de81b01590fb7e12b38e274e17d0db-le64.cache-4
7f85a406e000-7f85a4072000 r--s 00000000 fc:01 416020239                  /var/cache/fontconfig/6386b86020ecc1ef9690bb720a13964f-le64.cache-4
7f85a4072000-7f85a4073000 r--s 00000000 fc:01 416020238                  /var/cache/fontconfig/406a1d2d2bf3ed7664fbadefac0b2f66-le64.cache-4
7f85a4073000-7f85a4075000 r--s 00000000 fc:01 416020236                  /var/cache/fontconfig/67709b7835c0f764c1135060c9575660-le64.cache-4
7f85a4075000-7f85a4077000 r--s 00000000 fc:01 416019900                  /var/cache/fontconfig/099525ddca5eae4f2477b69cf2d7f16d-le64.cache-4
7f85a4077000-7f85a4079000 r--s 00000000 fc:01 416019592                  /var/cache/fontconfig/61092ac79d9058a69eda095afa0a78f1-le64.cache-4
7f85a4079000-7f85a407b000 r--s 00000000 fc:01 416019574                  /var/cache/fontconfig/a722efc6911bbe16667b1a77497ffd37-le64.cache-4
7f85a407b000-7f85a407d000 r--s 00000000 fc:01 416019404                  /var/cache/fontconfig/d63fdd8e0f42559533dd777c334fdfcc-le64.cache-4
7f85a407d000-7f85a408a000 r--s 00000000 fc:01 416019403                  /var/cache/fontconfig/089dead882dea3570ffc31a9898cfb69-le64.cache-4
7f85a408a000-7f85a4094000 r--s 00000000 fc:01 416019400                  /var/cache/fontconfig/198d8fcf01c96d0cf813f74fd759bdb7-le64.cache-4
7f85a4094000-7f85a409f000 r--s 00000000 fc:01 416018613                  /var/cache/fontconfig/83bf95040141907cd45bb53cf7c1c148-le64.cache-4
7f85a409f000-7f85a40a8000 r--s 00000000 fc:01 416018171                  /var/cache/fontconfig/d0972c3d32f097851eb916381fc38920-le64.cache-4
7f85a40a8000-7f85a40af000 r--s 00000000 fc:01 416018165                  /var/cache/fontconfig/53d14c92082a93e67d5078324eb314ca-le64.cache-4
7f85a40af000-7f85a40c2000 r--s 00000000 fc:01 416018163                  /var/cache/fontconfig/4ac51e5cfbc76fc3f983e470323a16d3-le64.cache-4
7f85a40c2000-7f85a40c4000 r--s 00000000 fc:01 416019592                  /var/cache/fontconfig/61092ac79d9058a69eda095afa0a78f1-le64.cache-4
7f85a40c4000-7f85a40c6000 r--s 00000000 fc:01 416019574                  /var/cache/fontconfig/a722efc6911bbe16667b1a77497ffd37-le64.cache-4
7f85a40c6000-7f85a40c8000 r--s 00000000 fc:01 416019404                  /var/cache/fontconfig/d63fdd8e0f42559533dd777c334fdfcc-le64.cache-4
7f85a40c8000-7f85a40c9000 r--s 00000000 fc:01 416019399                  /var/cache/fontconfig/0c9eb80ebd1c36541ebe2852d3bb0c49-le64.cache-4
7f85a40c9000-7f85a40cb000 r--s 00000000 fc:01 416018169                  /var/cache/fontconfig/6e6b34ae150a7ad95e82fb4a522f0bda-le64.cache-4
7f85a40cb000-7f85a40cc000 r--s 00000000 fc:01 416018167                  /var/cache/fontconfig/3334a778d104e76d188e9df399bc24d2-le64.cache-4
7f85a40cc000-7f85a40d3000 r--s 00000000 fc:01 416018165                  /var/cache/fontconfig/53d14c92082a93e67d5078324eb314ca-le64.cache-4
7f85a40d3000-7f85a40d6000 r--s 00000000 fc:01 416018159                  /var/cache/fontconfig/c19b55eb3b4c5b40ea175e31682068a5-le64.cache-4
7f85a40d6000-7f85a40d7000 r--s 00000000 fc:01 416018157                  /var/cache/fontconfig/c277e94e32b20404286a1ddafa5a80f0-le64.cache-4
7f85a40d7000-7f85a40dd000 r--s 00000000 fc:01 416019398                  /var/cache/fontconfig/7ef2298fde41cc6eeb7af42e48b7d293-le64.cache-4
7f85a40e1000-7f85a40e2000 r--s 00010000 fc:02 245022                     /export/home/vanhee/Bureau/NetLogo 6.0.1/runtime/lib/ext/zipfs.jar
7f85a40e2000-7f85a40f5000 r--s 00345000 fc:02 816230648                  /export/home/vanhee/Bureau/NetLogo 6.0.1/runtime/lib/resources.jar
7f85a40f5000-7f85a40f6000 r--s 00000000 fc:01 416020494                  /var/cache/fontconfig/087e1975ba9a574b140bb1df193bf770-le64.cache-4
7f85a40f6000-7f85a4104000 r--s 00000000 fc:01 416020488                  /var/cache/fontconfig/6aa41aa22e18b8fa06a12da28ea9c28b-le64.cache-4
7f85a4104000-7f85a4105000 r--s 00000000 fc:01 416020487                  /var/cache/fontconfig/c05880de57d1f5e948fdfacc138775d9-le64.cache-4
7f85a4105000-7f85a410a000 r--s 00000000 fc:01 416020486                  /var/cache/fontconfig/603b2eb47209ddb3c5269b217a306167-le64.cache-4
7f85a410a000-7f85a4115000 r--s 00000000 fc:01 416020485                  /var/cache/fontconfig/945677eb7aeaf62f1d50efc3fb3ec7d8-le64.cache-4
7f85a4115000-7f85a4117000 r--s 00000000 fc:01 416020481                  /var/cache/fontconfig/99e8ed0e538f840c565b6ed5dad60d56-le64.cache-4
7f85a4117000-7f85a411a000 r--s 00000000 fc:01 416020479                  /var/cache/fontconfig/f24b2111ab8703b4e963115a8cf14259-le64.cache-4
7f85a411a000-7f85a411c000 r--s 00000000 fc:01 416020478                  /var/cache/fontconfig/0fafd173547752dce4dee1a69e0b3c95-le64.cache-4
7f85a411c000-7f85a4124000 r--s 00000000 fc:01 416020476                  /var/cache/fontconfig/63c7aca0c1b0a3f740ee470c2e28e675-le64.cache-4
7f85a4124000-7f85a412d000 r--s 00000000 fc:01 416020475                  /var/cache/fontconfig/a6d8cf8e4ec09cdbc8633c31745a07dd-le64.cache-4
7f85a412d000-7f85a4133000 r--s 00000000 fc:01 416020473                  /var/cache/fontconfig/2cd17615ca594fa2959ae173292e504c-le64.cache-4
7f85a4133000-7f85a4134000 r--s 00000000 fc:01 416020472                  /var/cache/fontconfig/e7071f4a29fa870f4323321c154eba04-le64.cache-4
7f85a4134000-7f85a4135000 r--s 00000000 fc:01 416020470                  /var/cache/fontconfig/617957603a337376ca8784972c6029f5-le64.cache-4
7f85a4135000-7f85a4138000 r--s 00000000 fc:01 416020469                  /var/cache/fontconfig/c69f04ab05004e31a6d5e715764f16d8-le64.cache-4
7f85a4138000-7f85a4139000 r--s 00000000 fc:01 416020467                  /var/cache/fontconfig/0d8c3b2ac0904cb8a57a757ad11a4a08-le64.cache-4
7f85a4139000-7f85a4140000 r--s 00000000 fc:01 416020466                  /var/cache/fontconfig/a755afe4a08bf5b97852ceb7400b47bc-le64.cache-4
7f85a4140000-7f85a414c000 r--s 00000000 fc:01 416020463                  /var/cache/fontconfig/6d41288fd70b0be22e8c3a91e032eec0-le64.cache-4
7f85a414c000-7f85a4150000 r--s 00000000 fc:01 416020461                  /var/cache/fontconfig/de156ccd2eddbdc19d37a45b8b2aac9c-le64.cache-4
7f85a4150000-7f85a4164000 r--s 00000000 fc:01 416020460                  /var/cache/fontconfig/04aabc0a78ac019cf9454389977116d2-le64.cache-4
7f85a4164000-7f85a4165000 r--s 00000000 fc:01 416020458                  /var/cache/fontconfig/1ac9eb803944fde146138c791f5cc56a-le64.cache-4
7f85a4165000-7f85a4166000 r--s 00000000 fc:01 416020457                  /var/cache/fontconfig/b95bc8ffbebda2bbdae4265e45b8178d-le64.cache-4
7f85a4166000-7f85a416a000 r--s 00000000 fc:01 416020455                  /var/cache/fontconfig/385c0604a188198f04d133e54aba7fe7-le64.cache-4
7f85a416a000-7f85a416b000 r--s 00000000 fc:01 416020454                  /var/cache/fontconfig/9c956a7723ca69a44b382d9179c9802f-le64.cache-4
7f85a416b000-7f85a416c000 r--s 00000000 fc:01 416020452                  /var/cache/fontconfig/9451a55048e8dbe8633e64d34165fdf2-le64.cache-4
7f85a416c000-7f85a416d000 r--s 00000000 fc:01 416020451                  /var/cache/fontconfig/dc05db6664285cc2f12bf69c139ae4c3-le64.cache-4
7f85a416d000-7f85a4170000 r--s 00000000 fc:01 416020449                  /var/cache/fontconfig/ddd4086aec35a5275babba44bb759c3c-le64.cache-4
7f85a4170000-7f85a4171000 r--s 00000000 fc:01 416020448                  /var/cache/fontconfig/5d1cca7074f29429a8d18692746c2426-le64.cache-4
7f85a4171000-7f85a4173000 r--s 00000000 fc:01 416020414                  /var/cache/fontconfig/767a8244fc0220cfb567a839d0392e0b-le64.cache-4
7f85a4173000-7f85a4174000 r--s 00000000 fc:01 443332124                  /var/cache/fontconfig/4794a0821666d79190d59a36cb4f44b5-le64.cache-4
7f85a4174000-7f85a4175000 r--s 00000000 fc:01 416020411                  /var/cache/fontconfig/9eae20f1ff8cc0a7d125749e875856bd-le64.cache-4
7f85a4175000-7f85a4177000 r--s 00000000 fc:01 416020410                  /var/cache/fontconfig/bf2c1853a9e9b00bb02fe2e9bcf1e201-le64.cache-4
7f85a4177000-7f85a417c000 r--s 00000000 fc:01 416020408                  /var/cache/fontconfig/8801497958630a81b71ace7c5f9b32a8-le64.cache-4
7f85a417c000-7f85a41b9000 r--s 00000000 fc:01 416020407                  /var/cache/fontconfig/365b55f210c0a22e9a19e35191240f32-le64.cache-4
7f85a41b9000-7f85a41bd000 r--s 00000000 fc:01 416020405                  /var/cache/fontconfig/c57959a16110560c8d0fcea73374aeeb-le64.cache-4
7f85a41bd000-7f85a41c4000 r--s 00000000 fc:01 416020396                  /var/cache/fontconfig/3047814df9a2f067bd2d96a2b9c36e5a-le64.cache-4
7f85a41c4000-7f85a41c8000 r--s 00000000 fc:01 416020395                  /var/cache/fontconfig/bf3b770c553c462765856025a94f1ce6-le64.cache-4
7f85a41c8000-7f85a41c9000 r--s 00000000 fc:01 416020393                  /var/cache/fontconfig/56cf4f4769d0f4abc89a4895d7bd3ae1-le64.cache-4
7f85a41c9000-7f85a41cb000 r--s 00000000 fc:01 416020390                  /var/cache/fontconfig/de9486f0b47a4d768a594cb4198cb1c6-le64.cache-4
7f85a41cb000-7f85a41cd000 r--s 00000000 fc:01 416020389                  /var/cache/fontconfig/9a04f3458e11652314d3177aded2a140-le64.cache-4
7f85a41cd000-7f85a41ce000 r--s 00000000 fc:01 416020387                  /var/cache/fontconfig/b9d506c9ac06c20b433354fa67a72993-le64.cache-4
7f85a41ce000-7f85a41d4000 r--s 00000000 fc:01 416020384                  /var/cache/fontconfig/b47c4e1ecd0709278f4910c18777a504-le64.cache-4
7f85a41d4000-7f85a41d7000 r--s 00000000 fc:01 416020383                  /var/cache/fontconfig/14d493b97896515cad3840ba4896e372-le64.cache-4
7f85a41d7000-7f85a41df000 r--s 00000000 fc:01 416020381                  /var/cache/fontconfig/ce677e824a231659fde4a3a246a10ea3-le64.cache-4
7f85a41df000-7f85a41e0000 r--s 00000000 fc:01 416020380                  /var/cache/fontconfig/89034621ae2a8922916bb6bfa5799546-le64.cache-4
7f85a41e0000-7f85a41e3000 r--s 00000000 fc:01 416020378                  /var/cache/fontconfig/e49e89034d371f0f9de17aab02136486-le64.cache-4
7f85a41e3000-7f85a41e5000 r--s 00000000 fc:01 416020371                  /var/cache/fontconfig/4b14b093aebc79c320de5e86ae1d3314-le64.cache-4
7f85a41e5000-7f85a41e6000 r--s 00000000 fc:01 416020369                  /var/cache/fontconfig/8aec10f4cc8391dcef22ca549f1e4354-le64.cache-4
7f85a41e6000-7f85a41f9000 r--s 00000000 fc:01 416020368                  /var/cache/fontconfig/d52a8644073d54c13679302ca1180695-le64.cache-4
7f85a41f9000-7f85a4206000 r--s 00000000 fc:01 416020359                  /var/cache/fontconfig/0016f91d272966d80cf1fcd12c9c3815-le64.cache-4
7f85a4206000-7f85a4207000 r--s 00000000 fc:01 416020357                  /var/cache/fontconfig/8a687c406b77f27d99abfeeba937fcce-le64.cache-4
7f85a4207000-7f85a420f000 r--s 00000000 fc:01 416020356                  /var/cache/fontconfig/105b9c7e6f0a4f82d8c9b6e39c52c6f9-le64.cache-4
7f85a420f000-7f85a4218000 r--s 00000000 fc:01 416020354                  /var/cache/fontconfig/3f7329c5293ffd510edef78f73874cfd-le64.cache-4
7f85a4218000-7f85a4219000 r--s 00000000 fc:01 416020353                  /var/cache/fontconfig/ac2cf712d852da827a87a9baf682f5b9-le64.cache-4
7f85a4219000-7f85a421b000 r--s 00000000 fc:01 416020351                  /var/cache/fontconfig/65f976e5259cbe6dc7697b8648396239-le64.cache-4
7f85a421b000-7f85a4226000 r--s 00000000 fc:01 416020350                  /var/cache/fontconfig/d589a48862398ed80a3d6066f4f56f4c-le64.cache-4
7f85a4226000-7f85a4227000 r--s 00000000 fc:01 416020348                  /var/cache/fontconfig/94f7fe9bd33aadfac165873bd010d595-le64.cache-4
7f85a4227000-7f85a4229000 r--s 00000000 fc:01 416020347                  /var/cache/fontconfig/423767150eb258c59035de29db6fca84-le64.cache-4
7f85a4229000-7f85a422a000 r--s 00000000 fc:01 416020242                  /var/cache/fontconfig/845c20fd2c4814bcec78e05d37a63ccc-le64.cache-4
7f85a422a000-7f85a422b000 r--s 00000000 fc:01 416020241                  /var/cache/fontconfig/e7de81b01590fb7e12b38e274e17d0db-le64.cache-4
7f85a422b000-7f85a422f000 r--s 00000000 fc:01 416020239                  /var/cache/fontconfig/6386b86020ecc1ef9690bb720a13964f-le64.cache-4
7f85a422f000-7f85a4230000 r--s 00000000 fc:01 416020238                  /var/cache/fontconfig/406a1d2d2bf3ed7664fbadefac0b2f66-le64.cache-4
7f85a4230000-7f85a4232000 r--s 00000000 fc:01 416020236                  /var/cache/fontconfig/67709b7835c0f764c1135060c9575660-le64.cache-4
7f85a4232000-7f85a4234000 r--s 00000000 fc:01 416019900                  /var/cache/fontconfig/099525ddca5eae4f2477b69cf2d7f16d-le64.cache-4
7f85a4234000-7f85a4236000 r--s 00000000 fc:01 416019592                  /var/cache/fontconfig/61092ac79d9058a69eda095afa0a78f1-le64.cache-4
7f85a4236000-7f85a4238000 r--s 00000000 fc:01 416019574                  /var/cache/fontconfig/a722efc6911bbe16667b1a77497ffd37-le64.cache-4
7f85a4238000-7f85a423a000 r--s 00000000 fc:01 416019404                  /var/cache/fontconfig/d63fdd8e0f42559533dd777c334fdfcc-le64.cache-4
7f85a423a000-7f85a4247000 r--s 00000000 fc:01 416019403                  /var/cache/fontconfig/089dead882dea3570ffc31a9898cfb69-le64.cache-4
7f85a4247000-7f85a4251000 r--s 00000000 fc:01 416019400                  /var/cache/fontconfig/198d8fcf01c96d0cf813f74fd759bdb7-le64.cache-4
7f85a4251000-7f85a4252000 r--s 00000000 fc:01 416019399                  /var/cache/fontconfig/0c9eb80ebd1c36541ebe2852d3bb0c49-le64.cache-4
7f85a4252000-7f85a425d000 r--s 00000000 fc:01 416018613                  /var/cache/fontconfig/83bf95040141907cd45bb53cf7c1c148-le64.cache-4
7f85a425d000-7f85a4266000 r--s 00000000 fc:01 416018171                  /var/cache/fontconfig/d0972c3d32f097851eb916381fc38920-le64.cache-4
7f85a4266000-7f85a4268000 r--s 00000000 fc:01 416018169                  /var/cache/fontconfig/6e6b34ae150a7ad95e82fb4a522f0bda-le64.cache-4
7f85a4268000-7f85a4269000 r--s 00000000 fc:01 416018167                  /var/cache/fontconfig/3334a778d104e76d188e9df399bc24d2-le64.cache-4
7f85a4269000-7f85a4270000 r--s 00000000 fc:01 416018165                  /var/cache/fontconfig/53d14c92082a93e67d5078324eb314ca-le64.cache-4
7f85a4270000-7f85a4283000 r--s 00000000 fc:01 416018163                  /var/cache/fontconfig/4ac51e5cfbc76fc3f983e470323a16d3-le64.cache-4
7f85a4283000-7f85a4286000 r--s 00000000 fc:01 416018159                  /var/cache/fontconfig/c19b55eb3b4c5b40ea175e31682068a5-le64.cache-4
7f85a4286000-7f85a4287000 r--s 00000000 fc:01 416018157                  /var/cache/fontconfig/c277e94e32b20404286a1ddafa5a80f0-le64.cache-4
7f85a4287000-7f85a4288000 r--s 00000000 fc:01 416018155                  /var/cache/fontconfig/62f91419b9ebdb6975e7e41ab6412357-le64.cache-4
7f85a4288000-7f85a428b000 r--s 00000000 fc:01 443332114                  /var/cache/fontconfig/de83a0a961185c8bd1f159015d56c039-le64.cache-4
7f85a428b000-7f85a42b0000 r--s 00000000 fc:01 443332136                  /var/cache/fontconfig/cabbd14511b9e8a55e92af97fb3a0461-le64.cache-4
7f85a42b0000-7f85a42b1000 r--s 00000000 fc:01 416018155                  /var/cache/fontconfig/62f91419b9ebdb6975e7e41ab6412357-le64.cache-4
7f85a42b1000-7f85a42b4000 r--s 00000000 fc:01 443332114                  /var/cache/fontconfig/de83a0a961185c8bd1f159015d56c039-le64.cache-4
7f85a42b4000-7f85a42b6000 r--s 00000000 fc:01 416018145                  /var/cache/fontconfig/452f1fac34b224105d7acfae3034bcd5-le64.cache-4
7f85a42b6000-7f85a42b8000 r--s 00000000 fc:01 443332130                  /var/cache/fontconfig/16326683038b281783a0ef8c680e3a10-le64.cache-4
7f85a42b8000-7f85a42c5000 r--s 00000000 fc:01 443332129                  /var/cache/fontconfig/8f02d4cb045bd6ce15663e43f347c9f8-le64.cache-4
7f85a42c5000-7f85a42c6000 r--s 00000000 fc:01 443332128                  /var/cache/fontconfig/e0aa53bcfa504e64f87823c16bc01eb6-le64.cache-4
7f85a42c6000-7f85a42d0000 r--s 00116000 fc:02 245016                     /export/home/vanhee/Bureau/NetLogo 6.0.1/runtime/lib/ext/localedata.jar
7f85a42d0000-7f85a42ec000 r--s 00393000 fc:02 245010                     /export/home/vanhee/Bureau/NetLogo 6.0.1/runtime/lib/ext/cldrdata.jar
7f85a42ec000-7f85a44ec000 rw-p 00000000 00:00 0 
7f85a44ec000-7f85a450d000 r--s 00000000 fc:01 411784770                  /var/cache/fontconfig/e13b20fdb08344e0e664864cc2ede53d-le64.cache-4
7f85a450d000-7f85a4513000 r--s 00000000 fc:01 416019398                  /var/cache/fontconfig/7ef2298fde41cc6eeb7af42e48b7d293-le64.cache-4
7f85a4513000-7f85a4515000 r--s 00000000 fc:01 416018145                  /var/cache/fontconfig/452f1fac34b224105d7acfae3034bcd5-le64.cache-4
7f85a4515000-7f85a4517000 r--s 00000000 fc:01 443332130                  /var/cache/fontconfig/16326683038b281783a0ef8c680e3a10-le64.cache-4
7f85a4517000-7f85a4524000 r--s 00000000 fc:01 443332129                  /var/cache/fontconfig/8f02d4cb045bd6ce15663e43f347c9f8-le64.cache-4
7f85a4524000-7f85a4525000 r--s 00000000 fc:01 443332128                  /var/cache/fontconfig/e0aa53bcfa504e64f87823c16bc01eb6-le64.cache-4
7f85a4525000-7f85a4543000 r--s 00000000 fc:01 443332127                  /var/cache/fontconfig/467c019e582ee353435ea5c21d137ef6-le64.cache-4
7f85a4543000-7f85a4743000 rw-p 00000000 00:00 0 
7f85a476b000-7f85a476e000 rw-p 00000000 00:00 0 
7f85a476e000-7f85a4770000 r--s 00002000 fc:02 268496666                  /export/home/vanhee/Bureau/NetLogo 6.0.1/app/extensions/arduino/arduino.jar
7f85a4770000-7f85a4775000 r--s 002f9000 fc:02 816458395                  /export/home/vanhee/Bureau/NetLogo 6.0.1/runtime/lib/charsets.jar
7f85a4775000-7f85a47de000 r-xp 00000000 fc:02 245005                     /export/home/vanhee/Bureau/NetLogo 6.0.1/runtime/lib/amd64/libt2k.so
7f85a47de000-7f85a49de000 ---p 00069000 fc:02 245005                     /export/home/vanhee/Bureau/NetLogo 6.0.1/runtime/lib/amd64/libt2k.so
7f85a49de000-7f85a49e5000 rw-p 00069000 fc:02 245005                     /export/home/vanhee/Bureau/NetLogo 6.0.1/runtime/lib/amd64/libt2k.so
7f85a49e5000-7f85a49f5000 rw-p 00000000 00:00 0 
7f85a49f5000-7f85a49f9000 r--s 0009a000 fc:02 816230627                  /export/home/vanhee/Bureau/NetLogo 6.0.1/runtime/lib/jsse.jar
7f85a49f9000-7f85a4a0a000 r-xp 00000000 fc:02 244994                     /export/home/vanhee/Bureau/NetLogo 6.0.1/runtime/lib/amd64/libnio.so
7f85a4a0a000-7f85a4c09000 ---p 00011000 fc:02 244994                     /export/home/vanhee/Bureau/NetLogo 6.0.1/runtime/lib/amd64/libnio.so
7f85a4c09000-7f85a4c0a000 rw-p 00010000 fc:02 244994                     /export/home/vanhee/Bureau/NetLogo 6.0.1/runtime/lib/amd64/libnio.so
7f85a4c0a000-7f85a4c14000 r-xp 00000000 fc:01 340995335                  /lib/x86_64-linux-gnu/libnss_files-2.19.so
7f85a4c14000-7f85a4e13000 ---p 0000a000 fc:01 340995335                  /lib/x86_64-linux-gnu/libnss_files-2.19.so
7f85a4e13000-7f85a4e14000 r--p 00009000 fc:01 340995335                  /lib/x86_64-linux-gnu/libnss_files-2.19.so
7f85a4e14000-7f85a4e15000 rw-p 0000a000 fc:01 340995335                  /lib/x86_64-linux-gnu/libnss_files-2.19.so
7f85a4e15000-7f85a4e2b000 r-xp 00000000 fc:02 244993                     /export/home/vanhee/Bureau/NetLogo 6.0.1/runtime/lib/amd64/libnet.so
7f85a4e2b000-7f85a502b000 ---p 00016000 fc:02 244993                     /export/home/vanhee/Bureau/NetLogo 6.0.1/runtime/lib/amd64/libnet.so
7f85a502b000-7f85a502c000 rw-p 00016000 fc:02 244993                     /export/home/vanhee/Bureau/NetLogo 6.0.1/runtime/lib/amd64/libnet.so
7f85a502c000-7f85a522c000 rw-p 00000000 00:00 0 
7f85a522c000-7f85a522f000 ---p 00000000 00:00 0 
7f85a522f000-7f85a532d000 rw-p 00000000 00:00 0 
7f85a532d000-7f85a5330000 ---p 00000000 00:00 0 
7f85a5330000-7f85a562e000 rw-p 00000000 00:00 0 
7f85a562e000-7f85a5669000 r-xp 00000000 fc:02 244951                     /export/home/vanhee/Bureau/NetLogo 6.0.1/runtime/lib/amd64/libjpeg.so
7f85a5669000-7f85a5868000 ---p 0003b000 fc:02 244951                     /export/home/vanhee/Bureau/NetLogo 6.0.1/runtime/lib/amd64/libjpeg.so
7f85a5868000-7f85a5869000 rw-p 0003a000 fc:02 244951                     /export/home/vanhee/Bureau/NetLogo 6.0.1/runtime/lib/amd64/libjpeg.so
7f85a5869000-7f85a586c000 ---p 00000000 00:00 0 
7f85a586c000-7f85a5b6a000 rw-p 00000000 00:00 0 
7f85a5b6a000-7f85a5b6d000 ---p 00000000 00:00 0 
7f85a5b6d000-7f85a5c6b000 rw-p 00000000 00:00 0 
7f85a5c6b000-7f85a5c70000 r-xp 00000000 fc:01 418520579                  /usr/lib/x86_64-linux-gnu/libXfixes.so.3.1.0
7f85a5c70000-7f85a5e6f000 ---p 00005000 fc:01 418520579                  /usr/lib/x86_64-linux-gnu/libXfixes.so.3.1.0
7f85a5e6f000-7f85a5e70000 r--p 00004000 fc:01 418520579                  /usr/lib/x86_64-linux-gnu/libXfixes.so.3.1.0
7f85a5e70000-7f85a5e71000 rw-p 00005000 fc:01 418520579                  /usr/lib/x86_64-linux-gnu/libXfixes.so.3.1.0
7f85a5e71000-7f85a5e7a000 r-xp 00000000 fc:01 418520519                  /usr/lib/x86_64-linux-gnu/libXcursor.so.1.0.2
7f85a5e7a000-7f85a6079000 ---p 00009000 fc:01 418520519                  /usr/lib/x86_64-linux-gnu/libXcursor.so.1.0.2
7f85a6079000-7f85a607a000 r--p 00008000 fc:01 418520519                  /usr/lib/x86_64-linux-gnu/libXcursor.so.1.0.2
7f85a607a000-7f85a607b000 rw-p 00009000 fc:01 418520519                  /usr/lib/x86_64-linux-gnu/libXcursor.so.1.0.2
7f85a607b000-7f85a607c000 r--s 00000000 fc:01 416019399                  /var/cache/fontconfig/0c9eb80ebd1c36541ebe2852d3bb0c49-le64.cache-4
7f85a607c000-7f85a607e000 r--s 00000000 fc:01 416018169                  /var/cache/fontconfig/6e6b34ae150a7ad95e82fb4a522f0bda-le64.cache-4
7f85a607e000-7f85a607f000 r--s 00000000 fc:01 416018167                  /var/cache/fontconfig/3334a778d104e76d188e9df399bc24d2-le64.cache-4
7f85a607f000-7f85a6082000 r--s 00000000 fc:01 416018159                  /var/cache/fontconfig/c19b55eb3b4c5b40ea175e31682068a5-le64.cache-4
7f85a6082000-7f85a6083000 r--s 00000000 fc:01 416018157                  /var/cache/fontconfig/c277e94e32b20404286a1ddafa5a80f0-le64.cache-4
7f85a6083000-7f85a6086000 r--s 00000000 fc:01 443332114                  /var/cache/fontconfig/de83a0a961185c8bd1f159015d56c039-le64.cache-4
7f85a6086000-7f85a60ab000 r--s 00000000 fc:01 443332136                  /var/cache/fontconfig/cabbd14511b9e8a55e92af97fb3a0461-le64.cache-4
7f85a60ab000-7f85a60cc000 r--s 00000000 fc:01 411784770                  /var/cache/fontconfig/e13b20fdb08344e0e664864cc2ede53d-le64.cache-4
7f85a60cc000-7f85a60d2000 r--s 00000000 fc:01 416019398                  /var/cache/fontconfig/7ef2298fde41cc6eeb7af42e48b7d293-le64.cache-4
7f85a60d2000-7f85a60d5000 ---p 00000000 00:00 0 
7f85a60d5000-7f85a61d3000 rw-p 00000000 00:00 0 
7f85a61d3000-7f85a6238000 r-xp 00000000 fc:02 244926                     /export/home/vanhee/Bureau/NetLogo 6.0.1/runtime/lib/amd64/libfontmanager.so
7f85a6238000-7f85a6437000 ---p 00065000 fc:02 244926                     /export/home/vanhee/Bureau/NetLogo 6.0.1/runtime/lib/amd64/libfontmanager.so
7f85a6437000-7f85a643c000 rw-p 00064000 fc:02 244926                     /export/home/vanhee/Bureau/NetLogo 6.0.1/runtime/lib/amd64/libfontmanager.so
7f85a643c000-7f85a644c000 rw-p 00000000 00:00 0 
7f85a644c000-7f85a6451000 r-xp 00000000 fc:01 418520529                  /usr/lib/x86_64-linux-gnu/libXdmcp.so.6.0.0
7f85a6451000-7f85a6650000 ---p 00005000 fc:01 418520529                  /usr/lib/x86_64-linux-gnu/libXdmcp.so.6.0.0
7f85a6650000-7f85a6651000 r--p 00004000 fc:01 418520529                  /usr/lib/x86_64-linux-gnu/libXdmcp.so.6.0.0
7f85a6651000-7f85a6652000 rw-p 00005000 fc:01 418520529                  /usr/lib/x86_64-linux-gnu/libXdmcp.so.6.0.0
7f85a6652000-7f85a6654000 r-xp 00000000 fc:01 418520488                  /usr/lib/x86_64-linux-gnu/libXau.so.6.0.0
7f85a6654000-7f85a6854000 ---p 00002000 fc:01 418520488                  /usr/lib/x86_64-linux-gnu/libXau.so.6.0.0
7f85a6854000-7f85a6855000 r--p 00002000 fc:01 418520488                  /usr/lib/x86_64-linux-gnu/libXau.so.6.0.0
7f85a6855000-7f85a6856000 rw-p 00003000 fc:01 418520488                  /usr/lib/x86_64-linux-gnu/libXau.so.6.0.0
7f85a6856000-7f85a6873000 r-xp 00000000 fc:01 422328117                  /usr/lib/x86_64-linux-gnu/libxcb.so.1.1.0
7f85a6873000-7f85a6a73000 ---p 0001d000 fc:01 422328117                  /usr/lib/x86_64-linux-gnu/libxcb.so.1.1.0
7f85a6a73000-7f85a6a74000 r--p 0001d000 fc:01 422328117                  /usr/lib/x86_64-linux-gnu/libxcb.so.1.1.0
7f85a6a74000-7f85a6a75000 rw-p 0001e000 fc:01 422328117                  /usr/lib/x86_64-linux-gnu/libxcb.so.1.1.0
7f85a6a75000-7f85a6a84000 r-xp 00000000 fc:01 418520507                  /usr/lib/x86_64-linux-gnu/libXi.so.6.1.0
7f85a6a84000-7f85a6c83000 ---p 0000f000 fc:01 418520507                  /usr/lib/x86_64-linux-gnu/libXi.so.6.1.0
7f85a6c83000-7f85a6c84000 r--p 0000e000 fc:01 418520507                  /usr/lib/x86_64-linux-gnu/libXi.so.6.1.0
7f85a6c84000-7f85a6c85000 rw-p 0000f000 fc:01 418520507                  /usr/lib/x86_64-linux-gnu/libXi.so.6.1.0
7f85a6c85000-7f85a6c8a000 r-xp 00000000 fc:01 418520640                  /usr/lib/x86_64-linux-gnu/libXtst.so.6.1.0
7f85a6c8a000-7f85a6e89000 ---p 00005000 fc:01 418520640                  /usr/lib/x86_64-linux-gnu/libXtst.so.6.1.0
7f85a6e89000-7f85a6e8a000 r--p 00004000 fc:01 418520640                  /usr/lib/x86_64-linux-gnu/libXtst.so.6.1.0
7f85a6e8a000-7f85a6e8b000 rw-p 00005000 fc:01 418520640                  /usr/lib/x86_64-linux-gnu/libXtst.so.6.1.0
7f85a6e8b000-7f85a6e94000 r-xp 00000000 fc:01 418520598                  /usr/lib/x86_64-linux-gnu/libXrender.so.1.3.0
7f85a6e94000-7f85a7093000 ---p 00009000 fc:01 418520598                  /usr/lib/x86_64-linux-gnu/libXrender.so.1.3.0
7f85a7093000-7f85a7094000 r--p 00008000 fc:01 418520598                  /usr/lib/x86_64-linux-gnu/libXrender.so.1.3.0
7f85a7094000-7f85a7095000 rw-p 00009000 fc:01 418520598                  /usr/lib/x86_64-linux-gnu/libXrender.so.1.3.0
7f85a7095000-7f85a71c5000 r-xp 00000000 fc:01 418520433                  /usr/lib/x86_64-linux-gnu/libX11.so.6.3.0
7f85a71c5000-7f85a73c5000 ---p 00130000 fc:01 418520433                  /usr/lib/x86_64-linux-gnu/libX11.so.6.3.0
7f85a73c5000-7f85a73c6000 r--p 00130000 fc:01 418520433                  /usr/lib/x86_64-linux-gnu/libX11.so.6.3.0
7f85a73c6000-7f85a73ca000 rw-p 00131000 fc:01 418520433                  /usr/lib/x86_64-linux-gnu/libX11.so.6.3.0
7f85a73ca000-7f85a73db000 r-xp 00000000 fc:01 418520563                  /usr/lib/x86_64-linux-gnu/libXext.so.6.4.0
7f85a73db000-7f85a75da000 ---p 00011000 fc:01 418520563                  /usr/lib/x86_64-linux-gnu/libXext.so.6.4.0
7f85a75da000-7f85a75db000 r--p 00010000 fc:01 418520563                  /usr/lib/x86_64-linux-gnu/libXext.so.6.4.0
7f85a75db000-7f85a75dc000 rw-p 00011000 fc:01 418520563                  /usr/lib/x86_64-linux-gnu/libXext.so.6.4.0
7f85a75dc000-7f85a75dd000 r--s 00000000 fc:01 416018155                  /var/cache/fontconfig/62f91419b9ebdb6975e7e41ab6412357-le64.cache-4
7f85a75dd000-7f85a75df000 r--s 00000000 fc:01 416018145                  /var/cache/fontconfig/452f1fac34b224105d7acfae3034bcd5-le64.cache-4
7f85a75df000-7f85a75e1000 r--s 00000000 fc:01 443332130                  /var/cache/fontconfig/16326683038b281783a0ef8c680e3a10-le64.cache-4
7f85a75e1000-7f85a75ee000 r--s 00000000 fc:01 443332129                  /var/cache/fontconfig/8f02d4cb045bd6ce15663e43f347c9f8-le64.cache-4
7f85a75ee000-7f85a75ef000 r--s 00000000 fc:01 443332128                  /var/cache/fontconfig/e0aa53bcfa504e64f87823c16bc01eb6-le64.cache-4
7f85a75ef000-7f85a760d000 r--s 00000000 fc:01 443332127                  /var/cache/fontconfig/467c019e582ee353435ea5c21d137ef6-le64.cache-4
7f85a760d000-7f85a7633000 r--p 00000000 fc:01 434021454                  /usr/share/locale-langpack/fr/LC_MESSAGES/libc.mo
7f85a7633000-7f85a7687000 r-xp 00000000 fc:02 244919                     /export/home/vanhee/Bureau/NetLogo 6.0.1/runtime/lib/amd64/libawt_xawt.so
7f85a7687000-7f85a7887000 ---p 00054000 fc:02 244919                     /export/home/vanhee/Bureau/NetLogo 6.0.1/runtime/lib/amd64/libawt_xawt.so
7f85a7887000-7f85a788b000 rw-p 00054000 fc:02 244919                     /export/home/vanhee/Bureau/NetLogo 6.0.1/runtime/lib/amd64/libawt_xawt.so
7f85a788b000-7f85a788c000 rw-p 00000000 00:00 0 
7f85a788c000-7f85a792e000 r-xp 00000000 fc:02 244916                     /export/home/vanhee/Bureau/NetLogo 6.0.1/runtime/lib/amd64/libawt.so
7f85a792e000-7f85a7b2e000 ---p 000a2000 fc:02 244916                     /export/home/vanhee/Bureau/NetLogo 6.0.1/runtime/lib/amd64/libawt.so
7f85a7b2e000-7f85a7b3a000 rw-p 000a2000 fc:02 244916                     /export/home/vanhee/Bureau/NetLogo 6.0.1/runtime/lib/amd64/libawt.so
7f85a7b3a000-7f85a7b5e000 rw-p 00000000 00:00 0 
7f85a7b5e000-7f85a7b95000 r--s 004fc000 fc:02 537333645                  /export/home/vanhee/Bureau/NetLogo 6.0.1/app/scala-library-2.12.0.jar
7f85a7b95000-7f85a7ba0000 r--s 00109000 fc:02 537333644                  /export/home/vanhee/Bureau/NetLogo 6.0.1/app/rsyntaxtextarea-2.6.0.jar
7f85a7ba0000-7f85a7bcb000 r--s 00288000 fc:02 537333648                  /export/home/vanhee/Bureau/NetLogo 6.0.1/app/shapeless_2.12-2.3.2.jar
7f85a7bcb000-7f85a7bd6000 r--s 000d9000 fc:02 537333641                  /export/home/vanhee/Bureau/NetLogo 6.0.1/app/parboiled_2.12-2.1.3.jar
7f85a7bd6000-7f85a7bdb000 r--s 00029000 fc:02 537333639                  /export/home/vanhee/Bureau/NetLogo 6.0.1/app/parboiled-core-1.1.7.jar
7f85a7bdb000-7f85a7bdd000 r--s 00010000 fc:02 537333640                  /export/home/vanhee/Bureau/NetLogo 6.0.1/app/parboiled-java-1.1.7.jar
7f85a7bdd000-7f85a7be5000 r--s 00047000 fc:02 537333643                  /export/home/vanhee/Bureau/NetLogo 6.0.1/app/picocontainer-2.13.6.jar
7f85a7be5000-7f85a7be9000 r--s 00030000 fc:02 537333647                  /export/home/vanhee/Bureau/NetLogo 6.0.1/app/scala-parser-combinators_2.12-1.0.5.jar
7f85a7be9000-7f85a7c21000 r--s 004d0000 fc:02 537333646                  /export/home/vanhee/Bureau/NetLogo 6.0.1/app/scala-library-2.12.1.jar
7f85a7c21000-7f85a7c91000 r--s 009cf000 fc:02 537333633                  /export/home/vanhee/Bureau/NetLogo 6.0.1/app/netlogo-6.0.1.jar
7f85a7c91000-7f85a7c9a000 r--s 0006d000 fc:02 537326600                  /export/home/vanhee/Bureau/NetLogo 6.0.1/app/log4j-1.2.16.jar
7f85a7c9a000-7f85a7cbe000 r--s 0031e000 fc:02 537326598                  /export/home/vanhee/Bureau/NetLogo 6.0.1/app/jogl-all-2.3.2.jar
7f85a7cbe000-7f85a7cd6000 r--s 001b9000 fc:02 537326597                  /export/home/vanhee/Bureau/NetLogo 6.0.1/app/jmf-2.1.1e.jar
7f85a7cd6000-7f85a7ce2000 r--s 0008a000 fc:02 537326596                  /export/home/vanhee/Bureau/NetLogo 6.0.1/app/jhotdraw-6.0b1.jar
7f85a7ce2000-7f85a7cf3000 r--s 0014c000 fc:02 537326595                  /export/home/vanhee/Bureau/NetLogo 6.0.1/app/jfreechart-1.0.13.jar
7f85a7cf3000-7f85a7cfd000 r--s 0006e000 fc:02 537326594                  /export/home/vanhee/Bureau/NetLogo 6.0.1/app/jcommon-1.0.16.jar
7f85a7cfd000-7f85a7cfe000 ---p 00000000 00:00 0 
7f85a7cfe000-7f85a7dfe000 rw-p 00000000 00:00 0 
7f85a7dfe000-7f85a7e01000 ---p 00000000 00:00 0 
7f85a7e01000-7f85a7eff000 rw-p 00000000 00:00 0 
7f85a7eff000-7f85a7f02000 ---p 00000000 00:00 0 
7f85a7f02000-7f85a8000000 rw-p 00000000 00:00 0 
7f85a8000000-7f85a8021000 rw-p 00000000 00:00 0 
7f85a8021000-7f85ac000000 ---p 00000000 00:00 0 
7f85ac000000-7f85ac003000 r--s 00011000 fc:02 537333642                  /export/home/vanhee/Bureau/NetLogo 6.0.1/app/pegdown-1.6.0.jar
7f85ac003000-7f85ac004000 r--s 00000000 fc:02 537326601                  /export/home/vanhee/Bureau/NetLogo 6.0.1/app/macro-compat_2.12-1.1.1.jar
7f85ac004000-7f85ac005000 r--s 00005000 fc:02 537326599                  /export/home/vanhee/Bureau/NetLogo 6.0.1/app/json-simple-1.1.1.jar
7f85ac005000-7f85ac00b000 r--s 00031000 fc:02 537326591                  /export/home/vanhee/Bureau/NetLogo 6.0.1/app/httpcore-4.2.jar
7f85ac00b000-7f85ac014000 r--s 0005f000 fc:02 537326590                  /export/home/vanhee/Bureau/NetLogo 6.0.1/app/httpclient-4.2.jar
7f85ac014000-7f85ac017000 ---p 00000000 00:00 0 
7f85ac017000-7f85ac115000 rw-p 00000000 00:00 0 
7f85ac115000-7f85ac118000 ---p 00000000 00:00 0 
7f85ac118000-7f85ac216000 rw-p 00000000 00:00 0 
7f85ac216000-7f85ac219000 ---p 00000000 00:00 0 
7f85ac219000-7f85ac317000 rw-p 00000000 00:00 0 
7f85ac317000-7f85ac31a000 ---p 00000000 00:00 0 
7f85ac31a000-7f85ac418000 rw-p 00000000 00:00 0 
7f85ac418000-7f85ac41b000 ---p 00000000 00:00 0 
7f85ac41b000-7f85ac519000 rw-p 00000000 00:00 0 
7f85ac519000-7f85ac51a000 ---p 00000000 00:00 0 
7f85ac51a000-7f85ad61d000 rw-p 00000000 00:00 0 
7f85ad61d000-7f85ad7f6000 r--s 03d3e000 fc:02 816230649                  /export/home/vanhee/Bureau/NetLogo 6.0.1/runtime/lib/rt.jar
7f85ad7f6000-7f85b02c7000 rw-p 00000000 00:00 0 
7f85b02c7000-7f85b02c8000 ---p 00000000 00:00 0 
7f85b02c8000-7f85b03c8000 rw-p 00000000 00:00 0 
7f85b03c8000-7f85b03c9000 ---p 00000000 00:00 0 
7f85b03c9000-7f85b04c9000 rw-p 00000000 00:00 0 
7f85b04c9000-7f85b04ca000 ---p 00000000 00:00 0 
7f85b04ca000-7f85b05ca000 rw-p 00000000 00:00 0 
7f85b05ca000-7f85b05cb000 ---p 00000000 00:00 0 
7f85b05cb000-7f85b0702000 rw-p 00000000 00:00 0 
7f85b0702000-7f85b0820000 ---p 00000000 00:00 0 
7f85b0820000-7f85b0844000 rw-p 00000000 00:00 0 
7f85b0844000-7f85b08cb000 ---p 00000000 00:00 0 
7f85b08cb000-7f85b094c000 rw-p 00000000 00:00 0 
7f85b094c000-7f85b0c8c000 ---p 00000000 00:00 0 
7f85b0c8c000-7f85b2c8c000 rwxp 00000000 00:00 0 
7f85b2c8c000-7f85bfc8c000 ---p 00000000 00:00 0 
7f85bfc8c000-7f85bfca6000 r-xp 00000000 fc:02 245008                     /export/home/vanhee/Bureau/NetLogo 6.0.1/runtime/lib/amd64/libzip.so
7f85bfca6000-7f85bfea6000 ---p 0001a000 fc:02 245008                     /export/home/vanhee/Bureau/NetLogo 6.0.1/runtime/lib/amd64/libzip.so
7f85bfea6000-7f85bfea7000 rw-p 0001a000 fc:02 245008                     /export/home/vanhee/Bureau/NetLogo 6.0.1/runtime/lib/amd64/libzip.so
7f85bfea7000-7f85bfed2000 r-xp 00000000 fc:02 244939                     /export/home/vanhee/Bureau/NetLogo 6.0.1/runtime/lib/amd64/libjava.so
7f85bfed2000-7f85c00d1000 ---p 0002b000 fc:02 244939                     /export/home/vanhee/Bureau/NetLogo 6.0.1/runtime/lib/amd64/libjava.so
7f85c00d1000-7f85c00d3000 rw-p 0002a000 fc:02 244939                     /export/home/vanhee/Bureau/NetLogo 6.0.1/runtime/lib/amd64/libjava.so
7f85c00d3000-7f85c00e0000 r-xp 00000000 fc:02 245007                     /export/home/vanhee/Bureau/NetLogo 6.0.1/runtime/lib/amd64/libverify.so
7f85c00e0000-7f85c02df000 ---p 0000d000 fc:02 245007                     /export/home/vanhee/Bureau/NetLogo 6.0.1/runtime/lib/amd64/libverify.so
7f85c02df000-7f85c02e1000 rw-p 0000c000 fc:02 245007                     /export/home/vanhee/Bureau/NetLogo 6.0.1/runtime/lib/amd64/libverify.so
7f85c02e1000-7f85c02e8000 r-xp 00000000 fc:01 323656537                  /lib/x86_64-linux-gnu/librt-2.19.so
7f85c02e8000-7f85c04e7000 ---p 00007000 fc:01 323656537                  /lib/x86_64-linux-gnu/librt-2.19.so
7f85c04e7000-7f85c04e8000 r--p 00006000 fc:01 323656537                  /lib/x86_64-linux-gnu/librt-2.19.so
7f85c04e8000-7f85c04e9000 rw-p 00007000 fc:01 323656537                  /lib/x86_64-linux-gnu/librt-2.19.so
7f85c04e9000-7f85c11b7000 r-xp 00000000 fc:02 537333653                  /export/home/vanhee/Bureau/NetLogo 6.0.1/runtime/lib/amd64/server/libjvm.so
7f85c11b7000-7f85c13b7000 ---p 00cce000 fc:02 537333653                  /export/home/vanhee/Bureau/NetLogo 6.0.1/runtime/lib/amd64/server/libjvm.so
7f85c13b7000-7f85c1490000 rw-p 00cce000 fc:02 537333653                  /export/home/vanhee/Bureau/NetLogo 6.0.1/runtime/lib/amd64/server/libjvm.so
7f85c1490000-7f85c14db000 rw-p 00000000 00:00 0 
7f85c14db000-7f85c14f4000 r-xp 00000000 fc:01 323654629                  /lib/x86_64-linux-gnu/libpthread-2.19.so
7f85c14f4000-7f85c16f3000 ---p 00019000 fc:01 323654629                  /lib/x86_64-linux-gnu/libpthread-2.19.so
7f85c16f3000-7f85c16f4000 r--p 00018000 fc:01 323654629                  /lib/x86_64-linux-gnu/libpthread-2.19.so
7f85c16f4000-7f85c16f5000 rw-p 00019000 fc:01 323654629                  /lib/x86_64-linux-gnu/libpthread-2.19.so
7f85c16f5000-7f85c16f9000 rw-p 00000000 00:00 0 
7f85c16f9000-7f85c1766000 r-xp 00000000 fc:02 268563660                  /export/home/vanhee/Bureau/NetLogo 6.0.1/libpackager.so
7f85c1766000-7f85c1965000 ---p 0006d000 fc:02 268563660                  /export/home/vanhee/Bureau/NetLogo 6.0.1/libpackager.so
7f85c1965000-7f85c196a000 rw-p 0006c000 fc:02 268563660                  /export/home/vanhee/Bureau/NetLogo 6.0.1/libpackager.so
7f85c196a000-7f85c221d000 r--p 00000000 fc:01 141124472                  /usr/lib/locale/locale-archive
7f85c221d000-7f85c23d7000 r-xp 00000000 fc:01 323656539                  /lib/x86_64-linux-gnu/libc-2.19.so
7f85c23d7000-7f85c25d7000 ---p 001ba000 fc:01 323656539                  /lib/x86_64-linux-gnu/libc-2.19.so
7f85c25d7000-7f85c25db000 r--p 001ba000 fc:01 323656539                  /lib/x86_64-linux-gnu/libc-2.19.so
7f85c25db000-7f85c25dd000 rw-p 001be000 fc:01 323656539                  /lib/x86_64-linux-gnu/libc-2.19.so
7f85c25dd000-7f85c25e2000 rw-p 00000000 00:00 0 
7f85c25e2000-7f85c25f8000 r-xp 00000000 fc:01 321450388                  /lib/x86_64-linux-gnu/libgcc_s.so.1
7f85c25f8000-7f85c27f7000 ---p 00016000 fc:01 321450388                  /lib/x86_64-linux-gnu/libgcc_s.so.1
7f85c27f7000-7f85c27f8000 rw-p 00015000 fc:01 321450388                  /lib/x86_64-linux-gnu/libgcc_s.so.1
7f85c27f8000-7f85c28fd000 r-xp 00000000 fc:01 323651171                  /lib/x86_64-linux-gnu/libm-2.19.so
7f85c28fd000-7f85c2afc000 ---p 00105000 fc:01 323651171                  /lib/x86_64-linux-gnu/libm-2.19.so
7f85c2afc000-7f85c2afd000 r--p 00104000 fc:01 323651171                  /lib/x86_64-linux-gnu/libm-2.19.so
7f85c2afd000-7f85c2afe000 rw-p 00105000 fc:01 323651171                  /lib/x86_64-linux-gnu/libm-2.19.so
7f85c2afe000-7f85c2be4000 r-xp 00000000 fc:01 410259627                  /usr/lib/x86_64-linux-gnu/libstdc++.so.6.0.19
7f85c2be4000-7f85c2de3000 ---p 000e6000 fc:01 410259627                  /usr/lib/x86_64-linux-gnu/libstdc++.so.6.0.19
7f85c2de3000-7f85c2deb000 r--p 000e5000 fc:01 410259627                  /usr/lib/x86_64-linux-gnu/libstdc++.so.6.0.19
7f85c2deb000-7f85c2ded000 rw-p 000ed000 fc:01 410259627                  /usr/lib/x86_64-linux-gnu/libstdc++.so.6.0.19
7f85c2ded000-7f85c2e02000 rw-p 00000000 00:00 0 
7f85c2e02000-7f85c2e05000 r-xp 00000000 fc:01 323651173                  /lib/x86_64-linux-gnu/libdl-2.19.so
7f85c2e05000-7f85c3004000 ---p 00003000 fc:01 323651173                  /lib/x86_64-linux-gnu/libdl-2.19.so
7f85c3004000-7f85c3005000 r--p 00002000 fc:01 323651173                  /lib/x86_64-linux-gnu/libdl-2.19.so
7f85c3005000-7f85c3006000 rw-p 00003000 fc:01 323651173                  /lib/x86_64-linux-gnu/libdl-2.19.so
7f85c3006000-7f85c3029000 r-xp 00000000 fc:01 323654630                  /lib/x86_64-linux-gnu/ld-2.19.so
7f85c3029000-7f85c302b000 r--s 00005000 fc:02 537326592                  /export/home/vanhee/Bureau/NetLogo 6.0.1/app/httpmime-4.2.jar
7f85c302b000-7f85c3031000 r--s 0004f000 fc:02 537326589                  /export/home/vanhee/Bureau/NetLogo 6.0.1/app/gluegen-rt-2.3.2.jar
7f85c3031000-7f85c3038000 r--s 0003f000 fc:02 538747012                  /export/home/vanhee/Bureau/NetLogo 6.0.1/app/commons-codec-1.10.jar
7f85c3038000-7f85c30ab000 rw-p 00000000 00:00 0 
7f85c30ab000-7f85c31ca000 ---p 00000000 00:00 0 
7f85c31ca000-7f85c31cf000 rw-p 00000000 00:00 0 
7f85c31cf000-7f85c31d1000 r--s 0000d000 fc:02 538896750                  /export/home/vanhee/Bureau/NetLogo 6.0.1/app/commons-logging-1.1.1.jar
7f85c31d1000-7f85c31d4000 r--s 00029000 fc:02 538745806                  /export/home/vanhee/Bureau/NetLogo 6.0.1/app/behaviorsearch.jar
7f85c31d4000-7f85c31d5000 r--s 0000a000 fc:02 537291738                  /export/home/vanhee/Bureau/NetLogo 6.0.1/app/asm-util-5.0.3.jar
7f85c31d5000-7f85c31d7000 r--s 00006000 fc:02 537291684                  /export/home/vanhee/Bureau/NetLogo 6.0.1/app/asm-tree-5.0.3.jar
7f85c31d7000-7f85c31d8000 r--s 00004000 fc:02 537298662                  /export/home/vanhee/Bureau/NetLogo 6.0.1/app/asm-analysis-5.0.3.jar
7f85c31d8000-7f85c31dd000 r--s 00037000 fc:02 537281157                  /export/home/vanhee/Bureau/NetLogo 6.0.1/app/asm-all-5.0.4.jar
7f85c31dd000-7f85c31de000 r--s 0000c000 fc:02 537274525                  /export/home/vanhee/Bureau/NetLogo 6.0.1/app/asm-5.0.3.jar
7f85c31de000-7f85c31e0000 r--s 0000a000 fc:02 537325047                  /export/home/vanhee/Bureau/NetLogo 6.0.1/app/args4j-2.0.12.jar
7f85c31e0000-7f85c31e8000 rw-s 00000000 fc:01 403309851                  /tmp/hsperfdata_vanhee/15088
7f85c31e8000-7f85c31e9000 rw-p 00000000 00:00 0 
7f85c31e9000-7f85c31ea000 r--p 00000000 00:00 0 
7f85c31ea000-7f85c321f000 r--s 00000000 fc:01 27108925                   /var/cache/nscd/passwd
7f85c321f000-7f85c3226000 r--s 00000000 fc:01 11981122                   /usr/lib/x86_64-linux-gnu/gconv/gconv-modules.cache
7f85c3226000-7f85c3228000 rw-p 00000000 00:00 0 
7f85c3228000-7f85c3229000 r--p 00022000 fc:01 323654630                  /lib/x86_64-linux-gnu/ld-2.19.so
7f85c3229000-7f85c322a000 rw-p 00023000 fc:01 323654630                  /lib/x86_64-linux-gnu/ld-2.19.so
7f85c322a000-7f85c322b000 rw-p 00000000 00:00 0 
7fff45bb9000-7fff45bbc000 ---p 00000000 00:00 0 
7fff45bbd000-7fff45cb9000 rw-p 00000000 00:00 0                          [stack]
7fff45db8000-7fff45dba000 r--p 00000000 00:00 0                          [vvar]
7fff45dba000-7fff45dbc000 r-xp 00000000 00:00 0                          [vdso]
ffffffffff600000-ffffffffff601000 r-xp 00000000 00:00 0                  [vsyscall]

VM Arguments:
jvm_args: -Djava.library.path=/export/home/vanhee/Bureau/NetLogo 6.0.1/app:/export/home/vanhee/Bureau/NetLogo 6.0.1 -Djava.launcher.path=/export/home/vanhee/Bureau/NetLogo 6.0.1 -Dapp.preferences.id=org/nlogo/app -Xmx1024m -Dfile.encoding=UTF-8 
java_command: <unknown>
java_class_path (initial): /export/home/vanhee/Bureau/NetLogo 6.0.1/app/netlogo.jar:args4j-2.0.12.jar:asm-5.0.3.jar:asm-all-5.0.4.jar:asm-analysis-5.0.3.jar:asm-tree-5.0.3.jar:asm-util-5.0.3.jar:behaviorsearch.jar:commons-codec-1.10.jar:commons-logging-1.1.1.jar:gluegen-rt-2.3.2.jar:httpclient-4.2.jar:httpcore-4.2.jar:httpmime-4.2.jar:jcommon-1.0.16.jar:jfreechart-1.0.13.jar:jhotdraw-6.0b1.jar:jmf-2.1.1e.jar:jogl-all-2.3.2.jar:json-simple-1.1.1.jar:log4j-1.2.16.jar:macro-compat_2.12-1.1.1.jar:netlogo-6.0.1.jar:parboiled-core-1.1.7.jar:parboiled-java-1.1.7.jar:parboiled_2.12-2.1.3.jar:pegdown-1.6.0.jar:picocontainer-2.13.6.jar:rsyntaxtextarea-2.6.0.jar:scala-library-2.12.0.jar:scala-library-2.12.1.jar:scala-parser-combinators_2.12-1.0.5.jar:shapeless_2.12-2.3.2.jar
Launcher Type: generic

Environment Variables:
PATH=/usr/local/sbin:/usr/local/bin:/usr/sbin:/usr/bin:/sbin:/bin:/usr/games:/usr/local/games
SHELL=/bin/bash
DISPLAY=:0.0

Signal Handlers:
SIGSEGV: [libjvm.so+0xac78c0], sa_mask[0]=11111111011111111101111111111110, sa_flags=SA_RESTART|SA_SIGINFO
SIGBUS: [libjvm.so+0xac78c0], sa_mask[0]=11111111011111111101111111111110, sa_flags=SA_RESTART|SA_SIGINFO
SIGFPE: [libjvm.so+0x920ac0], sa_mask[0]=11111111011111111101111111111110, sa_flags=SA_RESTART|SA_SIGINFO
SIGPIPE: [libjvm.so+0x920ac0], sa_mask[0]=11111111011111111101111111111110, sa_flags=SA_RESTART|SA_SIGINFO
SIGXFSZ: [libjvm.so+0x920ac0], sa_mask[0]=11111111011111111101111111111110, sa_flags=SA_RESTART|SA_SIGINFO
SIGILL: [libjvm.so+0x920ac0], sa_mask[0]=11111111011111111101111111111110, sa_flags=SA_RESTART|SA_SIGINFO
SIGUSR1: SIG_DFL, sa_mask[0]=00000000000000000000000000000000, sa_flags=none
SIGUSR2: [libjvm.so+0x922300], sa_mask[0]=00000000000000000000000000000000, sa_flags=SA_RESTART|SA_SIGINFO
SIGHUP: [libjvm.so+0x923700], sa_mask[0]=11111111011111111101111111111110, sa_flags=SA_RESTART|SA_SIGINFO
SIGINT: [libjvm.so+0x923700], sa_mask[0]=11111111011111111101111111111110, sa_flags=SA_RESTART|SA_SIGINFO
SIGTERM: [libjvm.so+0x923700], sa_mask[0]=11111111011111111101111111111110, sa_flags=SA_RESTART|SA_SIGINFO
SIGQUIT: [libjvm.so+0x923700], sa_mask[0]=11111111011111111101111111111110, sa_flags=SA_RESTART|SA_SIGINFO


---------------  S Y S T E M  ---------------

OS:DISTRIB_ID=Ubuntu
DISTRIB_RELEASE=14.04
DISTRIB_CODENAME=trusty
DISTRIB_DESCRIPTION="Ubuntu 14.04.5 LTS"

uname:Linux 3.19.0-69-generic #77~14.04.1-Ubuntu SMP Tue Aug 30 01:29:21 UTC 2016 x86_64
libc:glibc 2.19 NPTL 2.19 
rlimit: STACK 8192k, CORE 0k, NPROC 31109, NOFILE 4096, AS infinity
load average:0,42 0,36 0,38

/proc/meminfo:
MemTotal:        8002332 kB
MemFree:         1207968 kB
MemAvailable:    5375548 kB
Buffers:             708 kB
Cached:          4054096 kB
SwapCached:            0 kB
Active:          3596536 kB
Inactive:        2229700 kB
Active(anon):    1772588 kB
Inactive(anon):    62180 kB
Active(file):    1823948 kB
Inactive(file):  2167520 kB
Unevictable:          88 kB
Mlocked:              88 kB
SwapTotal:             0 kB
SwapFree:              0 kB
Dirty:                28 kB
Writeback:             0 kB
AnonPages:       1771632 kB
Mapped:           523392 kB
Shmem:             63332 kB
Slab:             507224 kB
SReclaimable:     429528 kB
SUnreclaim:        77696 kB
KernelStack:       11360 kB
PageTables:        46332 kB
NFS_Unstable:          0 kB
Bounce:                0 kB
WritebackTmp:          0 kB
CommitLimit:     4001164 kB
Committed_AS:    5727268 kB
VmallocTotal:   34359738367 kB
VmallocUsed:      313248 kB
VmallocChunk:   34359323396 kB
HardwareCorrupted:     0 kB
AnonHugePages:    636928 kB
CmaTotal:              0 kB
CmaFree:               0 kB
HugePages_Total:       0
HugePages_Free:        0
HugePages_Rsvd:        0
HugePages_Surp:        0
Hugepagesize:       2048 kB
DirectMap4k:      156088 kB
DirectMap2M:     8189952 kB


CPU:total 4 (4 cores per cpu, 1 threads per core) family 6 model 42 stepping 7, cmov, cx8, fxsr, mmx, sse, sse2, sse3, ssse3, sse4.1, sse4.2, popcnt, avx, aes, clmul, tsc, tscinvbit

/proc/cpuinfo:
processor	: 0
vendor_id	: GenuineIntel
cpu family	: 6
model		: 42
model name	: Intel(R) Core(TM) i5-2400 CPU @ 3.10GHz
stepping	: 7
microcode	: 0x1b
cpu MHz		: 3216.007
cache size	: 6144 KB
physical id	: 0
siblings	: 4
core id		: 0
cpu cores	: 4
apicid		: 0
initial apicid	: 0
fpu		: yes
fpu_exception	: yes
cpuid level	: 13
wp		: yes
flags		: fpu vme de pse tsc msr pae mce cx8 apic sep mtrr pge mca cmov pat pse36 clflush dts acpi mmx fxsr sse sse2 ss ht tm pbe syscall nx rdtscp lm constant_tsc arch_perfmon pebs bts rep_good nopl xtopology nonstop_tsc aperfmperf eagerfpu pni pclmulqdq dtes64 monitor ds_cpl vmx smx est tm2 ssse3 cx16 xtpr pdcm pcid sse4_1 sse4_2 x2apic popcnt tsc_deadline_timer aes xsave avx lahf_lm ida arat epb pln pts dtherm tpr_shadow vnmi flexpriority ept vpid xsaveopt
bugs		:
bogomips	: 6186.38
clflush size	: 64
cache_alignment	: 64
address sizes	: 36 bits physical, 48 bits virtual
power management:

processor	: 1
vendor_id	: GenuineIntel
cpu family	: 6
model		: 42
model name	: Intel(R) Core(TM) i5-2400 CPU @ 3.10GHz
stepping	: 7
microcode	: 0x1b
cpu MHz		: 3201.113
cache size	: 6144 KB
physical id	: 0
siblings	: 4
core id		: 1
cpu cores	: 4
apicid		: 2
initial apicid	: 2
fpu		: yes
fpu_exception	: yes
cpuid level	: 13
wp		: yes
flags		: fpu vme de pse tsc msr pae mce cx8 apic sep mtrr pge mca cmov pat pse36 clflush dts acpi mmx fxsr sse sse2 ss ht tm pbe syscall nx rdtscp lm constant_tsc arch_perfmon pebs bts rep_good nopl xtopology nonstop_tsc aperfmperf eagerfpu pni pclmulqdq dtes64 monitor ds_cpl vmx smx est tm2 ssse3 cx16 xtpr pdcm pcid sse4_1 sse4_2 x2apic popcnt tsc_deadline_timer aes xsave avx lahf_lm ida arat epb pln pts dtherm tpr_shadow vnmi flexpriority ept vpid xsaveopt
bugs		:
bogomips	: 6186.38
clflush size	: 64
cache_alignment	: 64
address sizes	: 36 bits physical, 48 bits virtual
power management:

processor	: 2
vendor_id	: GenuineIntel
cpu family	: 6
model		: 42
model name	: Intel(R) Core(TM) i5-2400 CPU @ 3.10GHz
stepping	: 7
microcode	: 0x1b
cpu MHz		: 3200.144
cache size	: 6144 KB
physical id	: 0
siblings	: 4
core id		: 2
cpu cores	: 4
apicid		: 4
initial apicid	: 4
fpu		: yes
fpu_exception	: yes
cpuid level	: 13
wp		: yes
flags		: fpu vme de pse tsc msr pae mce cx8 apic sep mtrr pge mca cmov pat pse36 clflush dts acpi mmx fxsr sse sse2 ss ht tm pbe syscall nx rdtscp lm constant_tsc arch_perfmon pebs bts rep_good nopl xtopology nonstop_tsc aperfmperf eagerfpu pni pclmulqdq dtes64 monitor ds_cpl vmx smx est tm2 ssse3 cx16 xtpr pdcm pcid sse4_1 sse4_2 x2apic popcnt tsc_deadline_timer aes xsave avx lahf_lm ida arat epb pln pts dtherm tpr_shadow vnmi flexpriority ept vpid xsaveopt
bugs		:
bogomips	: 6186.38
clflush size	: 64
cache_alignment	: 64
address sizes	: 36 bits physical, 48 bits virtual
power management:

processor	: 3
vendor_id	: GenuineIntel
cpu family	: 6
model		: 42
model name	: Intel(R) Core(TM) i5-2400 CPU @ 3.10GHz
stepping	: 7
microcode	: 0x1b
cpu MHz		: 3258.027
cache size	: 6144 KB
physical id	: 0
siblings	: 4
core id		: 3
cpu cores	: 4
apicid		: 6
initial apicid	: 6
fpu		: yes
fpu_exception	: yes
cpuid level	: 13
wp		: yes
flags		: fpu vme de pse tsc msr pae mce cx8 apic sep mtrr pge mca cmov pat pse36 clflush dts acpi mmx fxsr sse sse2 ss ht tm pbe syscall nx rdtscp lm constant_tsc arch_perfmon pebs bts rep_good nopl xtopology nonstop_tsc aperfmperf eagerfpu pni pclmulqdq dtes64 monitor ds_cpl vmx smx est tm2 ssse3 cx16 xtpr pdcm pcid sse4_1 sse4_2 x2apic popcnt tsc_deadline_timer aes xsave avx lahf_lm ida arat epb pln pts dtherm tpr_shadow vnmi flexpriority ept vpid xsaveopt
bugs		:
bogomips	: 6186.38
clflush size	: 64
cache_alignment	: 64
address sizes	: 36 bits physical, 48 bits virtual
power management:



Memory: 4k page, physical 8002332k(1207968k free), swap 0k(0k free)

vm_info: Java HotSpot(TM) 64-Bit Server VM (25.121-b13) for linux-amd64 JRE (1.8.0_121-b13), built on Dec 12 2016 16:36:53 by "java_re" with gcc 4.3.0 20080428 (Red Hat 4.3.0-8)

time: Fri Apr 14 17:14:45 2017
elapsed time: 382 seconds (0d 0h 6m 22s)

